#
# A fatal error has been detected by the Java Runtime Environment:
#
#  SIGSEGV (0xb) at pc=0x00007fe97caf04d0, pid=1426111, tid=1426191
#
# JRE version: OpenJDK Runtime Environment (17.0.7+7) (build 17.0.7+7-Ubuntu-0ubuntu120.04)
# Java VM: OpenJDK 64-Bit Server VM (17.0.7+7-Ubuntu-0ubuntu120.04, mixed mode, sharing, tiered, compressed oops, compressed class ptrs, g1 gc, linux-amd64)
# Problematic frame:
# V  [libjvm.so+0x45b4d0]  PhaseOutput::BuildOopMaps()+0x7f0
#
# No core dump will be written. Core dumps have been disabled. To enable core dumping, try "ulimit -c unlimited" before starting Java again
#
# If you would like to submit a bug report, please visit:
#   Unknown
#

---------------  S U M M A R Y ------------

Command Line: --add-opens=java.base/java.util=ALL-UNNAMED --add-opens=java.base/java.lang=ALL-UNNAMED --add-opens=java.base/java.lang.invoke=ALL-UNNAMED --add-opens=java.base/java.util=ALL-UNNAMED --add-opens=java.prefs/java.util.prefs=ALL-UNNAMED --add-opens=java.prefs/java.util.prefs=ALL-UNNAMED --add-opens=java.base/java.nio.charset=ALL-UNNAMED --add-opens=java.base/java.net=ALL-UNNAMED --add-opens=java.base/java.util.concurrent.atomic=ALL-UNNAMED -Xmx3G -Dfile.encoding=UTF-8 -Duser.country=US -Duser.language=en -Duser.variant org.gradle.launcher.daemon.bootstrap.GradleDaemon 7.5.1

Host: AMD Ryzen 5 5600G with Radeon Graphics, 12 cores, 30G, Zorin OS 16.2
Time: Sun May 21 21:07:37 2023 EDT elapsed time: 6.383774 seconds (0d 0h 0m 6s)

---------------  T H R E A D  ---------------

Current thread (0x00007fe9186f53f0):  JavaThread "C2 CompilerThread1" daemon [_thread_in_native, id=1426191, stack(0x00007fe8c6bec000,0x00007fe8c6ced000)]


Current CompileTask:
C2:   6383 4769       4       org.objectweb.asm.MethodVisitor::visitMethodInsn (80 bytes)

Stack: [0x00007fe8c6bec000,0x00007fe8c6ced000],  sp=0x00007fe8c6ce87e0,  free space=1009k
Native frames: (J=compiled Java code, j=interpreted, Vv=VM code, C=native code)
V  [libjvm.so+0x45b4d0]  PhaseOutput::BuildOopMaps()+0x7f0
V  [libjvm.so+0xc4d796]  PhaseOutput::Output()+0x646
V  [libjvm.so+0x5e1727]  Compile::Code_Gen()+0x5d7
V  [libjvm.so+0x5e7084]  Compile::Compile(ciEnv*, ciMethod*, int, bool, bool, bool, bool, bool, DirectiveSet*)+0x15d4
V  [libjvm.so+0x5258f5]  C2Compiler::compile_method(ciEnv*, ciMethod*, int, bool, DirectiveSet*)+0x195
V  [libjvm.so+0x5efa37]  CompileBroker::invoke_compiler_on_method(CompileTask*)+0xd17
V  [libjvm.so+0x5f06a8]  CompileBroker::compiler_thread_loop()+0x508
V  [libjvm.so+0xee0410]  JavaThread::thread_main_inner()+0xd0
V  [libjvm.so+0xee3914]  Thread::call_run()+0xc4
V  [libjvm.so+0xc347f9]  thread_native_entry(Thread*)+0xe9


siginfo: si_signo: 11 (SIGSEGV), si_code: 1 (SEGV_MAPERR), si_addr: 0x00007fe8409802e0

Register to memory mapping:

RAX=0x00007fe870c52ac0 points into unknown readable memory: 0xffffffffffffffff | ff ff ff ff ff ff ff ff
RBX=0x00007fe8c09805c8 points into unknown readable memory: 0x00007fe97d99db00 | 00 db 99 7d e9 7f 00 00
RCX=0x00000000ffffffff is an unknown value
RDX=0x00007fe924660138 points into unknown readable memory: 0x0000000000000000 | 00 00 00 00 00 00 00 00
RSP=0x00007fe8c6ce87e0 is pointing into the stack for thread: 0x00007fe9186f53f0
RBP=0x00007fe8c6ce8990 is pointing into the stack for thread: 0x00007fe9186f53f0
RSI=0x00007fe8409802b8 is an unknown value
RDI=0x00000000ffffffff is an unknown value
R8 =0x0 is NULL
R9 =0x0000000000000001 is an unknown value
R10=0x0000000000000010 is an unknown value
R11=0x0000000000000050 is an unknown value
R12=0x00007fe8c6ce8b00 is pointing into the stack for thread: 0x00007fe9186f53f0
R13=0x00007fe8709539e4 points into unknown readable memory: 75 04 43 c7
R14=0x0000000000000042 is an unknown value
R15=0x00007fe924660100 points into unknown readable memory: 0x00007fe97d9b23e8 | e8 23 9b 7d e9 7f 00 00


Registers:
RAX=0x00007fe870c52ac0, RBX=0x00007fe8c09805c8, RCX=0x00000000ffffffff, RDX=0x00007fe924660138
RSP=0x00007fe8c6ce87e0, RBP=0x00007fe8c6ce8990, RSI=0x00007fe8409802b8, RDI=0x00000000ffffffff
R8 =0x0000000000000000, R9 =0x0000000000000001, R10=0x0000000000000010, R11=0x0000000000000050
R12=0x00007fe8c6ce8b00, R13=0x00007fe8709539e4, R14=0x0000000000000042, R15=0x00007fe924660100
RIP=0x00007fe97caf04d0, EFLAGS=0x0000000000010206, CSGSFS=0x002b000000000033, ERR=0x0000000000000004
  TRAPNO=0x000000000000000e

Top of Stack: (sp=0x00007fe8c6ce87e0)
0x00007fe8c6ce87e0:   00007fe8c6ce8900 00007fe8c6ce8b00
0x00007fe8c6ce87f0:   00007fe8c09805c8 0000000000000058
0x00007fe8c6ce8800:   0000000000000054 0000000000000050
0x00007fe8c6ce8810:   00007fe8c6ce8a60 00007fe8709539f4 

Instructions: (pc=0x00007fe97caf04d0)
0x00007fe97caf03d0:   28 83 e8 01 89 85 30 ff ff ff 0f 88 d3 01 00 00
0x00007fe97caf03e0:   48 89 9d 80 fe ff ff 4c 8b a5 60 fe ff ff 4d 89
0x00007fe97caf03f0:   f5 4c 89 bd 18 ff ff ff 4c 8b bd 58 fe ff ff 90
0x00007fe97caf0400:   48 8b 9d 18 ff ff ff 8b 85 30 ff ff ff 39 43 18
0x00007fe97caf0410:   0f 86 aa 07 00 00 48 8b 53 20 4c 8b 34 c2 4d 85
0x00007fe97caf0420:   f6 0f 95 c2 41 8b 4e 28 49 8b 47 18 48 8d 04 88
0x00007fe97caf0430:   0f bf 78 02 0f bf 00 89 f9 89 c6 66 83 ff ff 74
0x00007fe97caf0440:   16 bb 01 00 00 00 c1 ff 05 d3 e3 48 63 ff 89 d9
0x00007fe97caf0450:   f7 d1 41 21 4c bd 00 83 f8 ff 74 17 89 f1 bb 01
0x00007fe97caf0460:   00 00 00 c1 f8 05 d3 e3 48 98 89 d9 f7 d1 41 21
0x00007fe97caf0470:   4c 85 00 48 c7 85 28 ff ff ff 00 00 00 00 41 8b
0x00007fe97caf0480:   46 2c 83 e0 03 83 f8 02 0f 94 c3 20 d3 0f 85 3d
0x00007fe97caf0490:   07 00 00 41 83 7e 18 01 41 b9 01 00 00 00 0f 86
0x00007fe97caf04a0:   d3 00 00 00 88 9d 38 ff ff ff 4c 89 e3 4d 89 fc
0x00007fe97caf04b0:   4d 89 f7 45 89 ce 66 2e 0f 1f 84 00 00 00 00 00
0x00007fe97caf04c0:   49 8b 57 08 44 89 f0 48 8b 34 c2 49 8b 44 24 18
0x00007fe97caf04d0:   8b 56 28 48 8d 04 90 0f bf 50 02 0f bf 00 89 d1
0x00007fe97caf04e0:   89 c7 66 83 fa ff 74 14 c1 fa 05 41 ba 01 00 00
0x00007fe97caf04f0:   00 48 63 d2 41 d3 e2 45 09 54 95 00 83 f8 ff 74
0x00007fe97caf0500:   13 c1 f8 05 ba 01 00 00 00 89 f9 48 98 d3 e2 41
0x00007fe97caf0510:   09 54 85 00 48 39 de 75 47 80 bd 38 ff ff ff 00
0x00007fe97caf0520:   74 3e 48 8b bd 28 ff ff ff 48 8d 95 40 ff ff ff
0x00007fe97caf0530:   48 8d b5 48 ff ff ff 48 c7 85 40 ff ff ff 00 00
0x00007fe97caf0540:   00 00 e8 f9 e1 69 00 48 39 c3 75 14 48 83 f8 ff
0x00007fe97caf0550:   0f 85 ca 04 00 00 66 2e 0f 1f 84 00 00 00 00 00
0x00007fe97caf0560:   41 83 c6 01 45 39 77 18 0f 87 52 ff ff ff 4d 89
0x00007fe97caf0570:   fe 4d 89 e7 49 89 dc 49 8b 06 4c 89 f7 ff 90 88
0x00007fe97caf0580:   00 00 00 48 85 c0 0f 85 fc 04 00 00 83 ad 30 ff
0x00007fe97caf0590:   ff ff 01 8b 85 30 ff ff ff 83 f8 ff 0f 85 5e fe
0x00007fe97caf05a0:   ff ff 48 8b 9d 80 fe ff ff 4c 8b bd 18 ff ff ff
0x00007fe97caf05b0:   4d 89 ee 8b 85 20 ff ff ff 48 8b b5 d0 fe ff ff
0x00007fe97caf05c0:   41 89 c1 45 0f af 4f 4c 49 c1 e1 02 4a 8d 0c 0e 


Stack slot to memory mapping:
stack at sp + 0 slots: 0x00007fe8c6ce8900 is pointing into the stack for thread: 0x00007fe9186f53f0
stack at sp + 1 slots: 0x00007fe8c6ce8b00 is pointing into the stack for thread: 0x00007fe9186f53f0
stack at sp + 2 slots: 0x00007fe8c09805c8 points into unknown readable memory: 0x00007fe97d99db00 | 00 db 99 7d e9 7f 00 00
stack at sp + 3 slots: 0x0000000000000058 is an unknown value
stack at sp + 4 slots: 0x0000000000000054 is an unknown value
stack at sp + 5 slots: 0x0000000000000050 is an unknown value
stack at sp + 6 slots: 0x00007fe8c6ce8a60 is pointing into the stack for thread: 0x00007fe9186f53f0
stack at sp + 7 slots: 0x00007fe8709539f4 points into unknown readable memory: 00 00 00 00


---------------  P R O C E S S  ---------------

Threads class SMR info:
_java_thread_list=0x00007fe8c0ccaf20, length=46, elements={
0x00007fe978014f00, 0x00007fe9781f6d20, 0x00007fe9781f8100, 0x00007fe9781fd880,
0x00007fe9781fec30, 0x00007fe978200040, 0x00007fe9782019f0, 0x00007fe978202f20,
0x00007fe97820c380, 0x00007fe978249000, 0x00007fe97824aef0, 0x00007fe9791d74c0,
0x00007fe9792101a0, 0x00007fe9792e9fd0, 0x00007fe8dc016f20, 0x00007fe8d40014d0,
0x00007fe8d4006600, 0x00007fe8d4007aa0, 0x00007fe8c00020e0, 0x00007fe8c0009380,
0x00007fe8c0015900, 0x00007fe8c00a7b20, 0x00007fe8c00c4470, 0x00007fe8c01b6ca0,
0x00007fe8c0a8bba0, 0x00007fe8c0a8ee40, 0x00007fe8c0ac6440, 0x00007fe8c0ac6c20,
0x00007fe8c0ac7f20, 0x00007fe8c0ac8d60, 0x00007fe8c0ac9d60, 0x00007fe8c0acac50,
0x00007fe8c0acbb40, 0x00007fe8c0accb30, 0x00007fe8c0acdc40, 0x00007fe8c0acec30,
0x00007fe8c0acfd50, 0x00007fe8c0ad0d40, 0x00007fe9186f53f0, 0x00007fe9186f8d60,
0x00007fe8c0bd57d0, 0x00007fe8c0bec2c0, 0x00007fe8c0bfa210, 0x00007fe8c0c4a170,
0x00007fe8c0c58680, 0x00007fe8c0cca510
}

Java Threads: ( => current thread )
  0x00007fe978014f00 JavaThread "main" [_thread_blocked, id=1426114, stack(0x00007fe97c248000,0x00007fe97c349000)]
  0x00007fe9781f6d20 JavaThread "Reference Handler" daemon [_thread_blocked, id=1426121, stack(0x00007fe95864a000,0x00007fe95874b000)]
  0x00007fe9781f8100 JavaThread "Finalizer" daemon [_thread_blocked, id=1426122, stack(0x00007fe958549000,0x00007fe95864a000)]
  0x00007fe9781fd880 JavaThread "Signal Dispatcher" daemon [_thread_blocked, id=1426123, stack(0x00007fe958448000,0x00007fe958549000)]
  0x00007fe9781fec30 JavaThread "Service Thread" daemon [_thread_blocked, id=1426124, stack(0x00007fe958347000,0x00007fe958448000)]
  0x00007fe978200040 JavaThread "Monitor Deflation Thread" daemon [_thread_blocked, id=1426125, stack(0x00007fe958246000,0x00007fe958347000)]
  0x00007fe9782019f0 JavaThread "C2 CompilerThread0" daemon [_thread_in_native, id=1426126, stack(0x00007fe958145000,0x00007fe958246000)]
  0x00007fe978202f20 JavaThread "C1 CompilerThread0" daemon [_thread_blocked, id=1426127, stack(0x00007fe958044000,0x00007fe958145000)]
  0x00007fe97820c380 JavaThread "Sweeper thread" daemon [_thread_blocked, id=1426128, stack(0x00007fe94998f000,0x00007fe949a90000)]
  0x00007fe978249000 JavaThread "Common-Cleaner" daemon [_thread_blocked, id=1426129, stack(0x00007fe94988e000,0x00007fe94998f000)]
  0x00007fe97824aef0 JavaThread "Notification Thread" daemon [_thread_blocked, id=1426130, stack(0x00007fe94978d000,0x00007fe94988e000)]
  0x00007fe9791d74c0 JavaThread "Daemon health stats" [_thread_blocked, id=1426143, stack(0x00007fe9485e9000,0x00007fe9486ea000)]
  0x00007fe9792101a0 JavaThread "Incoming local TCP Connector on port 40309" [_thread_in_native, id=1426144, stack(0x00007fe9484e8000,0x00007fe9485e9000)]
  0x00007fe9792e9fd0 JavaThread "Daemon periodic checks" [_thread_blocked, id=1426145, stack(0x00007fe9483e7000,0x00007fe9484e8000)]
  0x00007fe8dc016f20 JavaThread "Daemon" [_thread_blocked, id=1426146, stack(0x00007fe9482e6000,0x00007fe9483e7000)]
  0x00007fe8d40014d0 JavaThread "Handler for socket connection from /127.0.0.1:40309 to /127.0.0.1:59228" [_thread_in_native, id=1426147, stack(0x00007fe9481e5000,0x00007fe9482e6000)]
  0x00007fe8d4006600 JavaThread "Cancel handler" [_thread_blocked, id=1426148, stack(0x00007fe9480e4000,0x00007fe9481e5000)]
  0x00007fe8d4007aa0 JavaThread "Daemon worker" [_thread_blocked, id=1426149, stack(0x00007fe8c7eff000,0x00007fe8c8000000)]
  0x00007fe8c00020e0 JavaThread "Asynchronous log dispatcher for DefaultDaemonConnection: socket connection from /127.0.0.1:40309 to /127.0.0.1:59228" [_thread_blocked, id=1426152, stack(0x00007fe8c7dfe000,0x00007fe8c7eff000)]
  0x00007fe8c0009380 JavaThread "Stdin handler" [_thread_blocked, id=1426153, stack(0x00007fe8c7cfd000,0x00007fe8c7dfe000)]
  0x00007fe8c0015900 JavaThread "Daemon client event forwarder" [_thread_blocked, id=1426154, stack(0x00007fe8c7bfc000,0x00007fe8c7cfd000)]
  0x00007fe8c00a7b20 JavaThread "Cache worker for journal cache (/home/robert/.gradle/caches/journal-1)" [_thread_blocked, id=1426155, stack(0x00007fe8c7afb000,0x00007fe8c7bfc000)]
  0x00007fe8c00c4470 JavaThread "File lock request listener" [_thread_in_native, id=1426156, stack(0x00007fe8c79fa000,0x00007fe8c7afb000)]
  0x00007fe8c01b6ca0 JavaThread "Cache worker for file hash cache (/home/robert/.gradle/caches/7.5.1/fileHashes)" [_thread_blocked, id=1426157, stack(0x00007fe8c78f9000,0x00007fe8c79fa000)]
  0x00007fe8c0a8bba0 JavaThread "File watcher server" daemon [_thread_in_native, id=1426158, stack(0x00007fe8c77f8000,0x00007fe8c78f9000)]
  0x00007fe8c0a8ee40 JavaThread "File watcher consumer" daemon [_thread_blocked, id=1426159, stack(0x00007fe8c76f7000,0x00007fe8c77f8000)]
  0x00007fe8c0ac6440 JavaThread "jar transforms" [_thread_blocked, id=1426177, stack(0x00007fe949559000,0x00007fe94965a000)]
  0x00007fe8c0ac6c20 JavaThread "jar transforms Thread 2" [_thread_blocked, id=1426178, stack(0x00007fe948ffc000,0x00007fe9490fd000)]
  0x00007fe8c0ac7f20 JavaThread "jar transforms Thread 3" [_thread_blocked, id=1426179, stack(0x00007fe8c75f6000,0x00007fe8c76f7000)]
  0x00007fe8c0ac8d60 JavaThread "jar transforms Thread 4" [_thread_blocked, id=1426180, stack(0x00007fe8c74f5000,0x00007fe8c75f6000)]
  0x00007fe8c0ac9d60 JavaThread "jar transforms Thread 5" [_thread_blocked, id=1426181, stack(0x00007fe8c73f4000,0x00007fe8c74f5000)]
  0x00007fe8c0acac50 JavaThread "jar transforms Thread 6" [_thread_blocked, id=1426182, stack(0x00007fe8c72f3000,0x00007fe8c73f4000)]
  0x00007fe8c0acbb40 JavaThread "jar transforms Thread 7" [_thread_blocked, id=1426183, stack(0x00007fe8c71f2000,0x00007fe8c72f3000)]
  0x00007fe8c0accb30 JavaThread "jar transforms Thread 8" [_thread_blocked, id=1426184, stack(0x00007fe8c70f1000,0x00007fe8c71f2000)]
  0x00007fe8c0acdc40 JavaThread "jar transforms Thread 9" [_thread_blocked, id=1426185, stack(0x00007fe8c6ff0000,0x00007fe8c70f1000)]
  0x00007fe8c0acec30 JavaThread "jar transforms Thread 10" [_thread_blocked, id=1426186, stack(0x00007fe8c6eef000,0x00007fe8c6ff0000)]
  0x00007fe8c0acfd50 JavaThread "jar transforms Thread 11" [_thread_in_vm, id=1426187, stack(0x00007fe8c6dee000,0x00007fe8c6eef000)]
  0x00007fe8c0ad0d40 JavaThread "jar transforms Thread 12" [_thread_blocked, id=1426188, stack(0x00007fe8c6ced000,0x00007fe8c6dee000)]
=>0x00007fe9186f53f0 JavaThread "C2 CompilerThread1" daemon [_thread_in_native, id=1426191, stack(0x00007fe8c6bec000,0x00007fe8c6ced000)]
  0x00007fe9186f8d60 JavaThread "C2 CompilerThread2" daemon [_thread_in_native, id=1426192, stack(0x00007fe8c6aeb000,0x00007fe8c6bec000)]
  0x00007fe8c0bd57d0 JavaThread "Cache worker for checksums cache (/home/robert/Documents/Code/Modding/ReVisions/.gradle/7.5.1/checksums)" [_thread_blocked, id=1426193, stack(0x00007fe8c69ea000,0x00007fe8c6aeb000)]
  0x00007fe8c0bec2c0 JavaThread "Cache worker for cache directory md-rule (/home/robert/.gradle/caches/7.5.1/md-rule)" [_thread_blocked, id=1426196, stack(0x00007fe8c66e5000,0x00007fe8c67e6000)]
  0x00007fe8c0bfa210 JavaThread "Cache worker for file content cache (/home/robert/.gradle/caches/7.5.1/fileContent)" [_thread_blocked, id=1426197, stack(0x00007fe8c65e4000,0x00007fe8c66e5000)]
  0x00007fe8c0c4a170 JavaThread "Cache worker for file hash cache (/home/robert/Documents/Code/Modding/ReVisions/.gradle/7.5.1/fileHashes)" [_thread_blocked, id=1426198, stack(0x00007fe8c64e3000,0x00007fe8c65e4000)]
  0x00007fe8c0c58680 JavaThread "Cache worker for cache directory md-supplier (/home/robert/.gradle/caches/7.5.1/md-supplier)" [_thread_blocked, id=1426199, stack(0x00007fe8c63e2000,0x00007fe8c64e3000)]
  0x00007fe8c0cca510 JavaThread "Cache worker for execution history cache (/home/robert/.gradle/caches/7.5.1/executionHistory)" [_thread_blocked, id=1426200, stack(0x00007fe8c62e1000,0x00007fe8c63e2000)]

Other Threads:
  0x00007fe9781f2c70 VMThread "VM Thread" [stack: 0x00007fe95874d000,0x00007fe95884d000] [id=1426120]
  0x00007fe97824c830 WatcherThread [stack: 0x00007fe94968d000,0x00007fe94978d000] [id=1426131]
  0x00007fe97806ea70 GCTaskThread "GC Thread#0" [stack: 0x00007fe95984f000,0x00007fe95994f000] [id=1426115]
  0x00007fe938006430 GCTaskThread "GC Thread#1" [stack: 0x00007fe948efc000,0x00007fe948ffc000] [id=1426134]
  0x00007fe938006e60 GCTaskThread "GC Thread#2" [stack: 0x00007fe948dfa000,0x00007fe948efa000] [id=1426135]
  0x00007fe938007890 GCTaskThread "GC Thread#3" [stack: 0x00007fe948cf8000,0x00007fe948df8000] [id=1426136]
  0x00007fe9380082c0 GCTaskThread "GC Thread#4" [stack: 0x00007fe948bf6000,0x00007fe948cf6000] [id=1426137]
  0x00007fe938008cf0 GCTaskThread "GC Thread#5" [stack: 0x00007fe948af4000,0x00007fe948bf4000] [id=1426138]
  0x00007fe938009740 GCTaskThread "GC Thread#6" [stack: 0x00007fe9489f2000,0x00007fe948af2000] [id=1426139]
  0x00007fe93800a1b0 GCTaskThread "GC Thread#7" [stack: 0x00007fe9488f0000,0x00007fe9489f0000] [id=1426140]
  0x00007fe93800ac20 GCTaskThread "GC Thread#8" [stack: 0x00007fe9487ee000,0x00007fe9488ee000] [id=1426141]
  0x00007fe93800b690 GCTaskThread "GC Thread#9" [stack: 0x00007fe9486ec000,0x00007fe9487ec000] [id=1426142]
  0x00007fe97807c080 ConcurrentGCThread "G1 Main Marker" [stack: 0x00007fe95974d000,0x00007fe95984d000] [id=1426116]
  0x00007fe97807cfe0 ConcurrentGCThread "G1 Conc#0" [stack: 0x00007fe95964b000,0x00007fe95974b000] [id=1426117]
  0x00007fe94c000d20 ConcurrentGCThread "G1 Conc#1" [stack: 0x00007fe8c68ea000,0x00007fe8c69ea000] [id=1426194]
  0x00007fe94c001760 ConcurrentGCThread "G1 Conc#2" [stack: 0x00007fe8c67e8000,0x00007fe8c68e8000] [id=1426195]
  0x00007fe9781c7300 ConcurrentGCThread "G1 Refine#0" [stack: 0x00007fe958b3f000,0x00007fe958c3f000] [id=1426118]
  0x00007fe944000d20 ConcurrentGCThread "G1 Refine#1" [stack: 0x00007fe8c61e1000,0x00007fe8c62e1000] [id=1426205]
  0x00007fe848000d20 ConcurrentGCThread "G1 Refine#2" [stack: 0x00007fe8c60df000,0x00007fe8c61df000] [id=1426206]
  0x00007fe9781c81f0 ConcurrentGCThread "G1 Service" [stack: 0x00007fe958a3d000,0x00007fe958b3d000] [id=1426119]

Threads with active compile tasks:
C2 CompilerThread0     6389 5068 %     4       org.objectweb.asm.ClassReader::readCode @ 2186 (5109 bytes)
C2 CompilerThread1     6389 4769       4       org.objectweb.asm.MethodVisitor::visitMethodInsn (80 bytes)
C2 CompilerThread2     6389 5047       4       org.objectweb.asm.ClassReader::readStackMapFrame (535 bytes)

VM state: not at safepoint (normal execution)

VM Mutex/Monitor currently owned by a thread: None

Heap address: 0x0000000740000000, size: 3072 MB, Compressed Oops mode: Zero based, Oop shift amount: 3

CDS archive(s) mapped at: [0x0000000800000000-0x0000000800be2000-0x0000000800be2000), size 12460032, SharedBaseAddress: 0x0000000800000000, ArchiveRelocationMode: 0.
Compressed class space mapped at: 0x0000000801000000-0x0000000841000000, reserved size: 1073741824
Narrow klass base: 0x0000000800000000, Narrow klass shift: 0, Narrow klass range: 0x100000000

GC Precious Log:
 CPUs: 12 total, 12 available
 Memory: 31388M
 Large Page Support: Disabled
 NUMA Support: Disabled
 Compressed Oops: Enabled (Zero based)
 Heap Region Size: 2M
 Heap Min Capacity: 8M
 Heap Initial Capacity: 492M
 Heap Max Capacity: 3G
 Pre-touch: Disabled
 Parallel Workers: 10
 Concurrent Workers: 3
 Concurrent Refinement Workers: 10
 Periodic GC: Disabled

Heap:
 garbage-first heap   total 198656K, used 116930K [0x0000000740000000, 0x0000000800000000)
  region size 2048K, 27 young (55296K), 2 survivors (4096K)
 Metaspace       used 39943K, committed 40320K, reserved 1114112K
  class space    used 5599K, committed 5824K, reserved 1048576K

Heap Regions: E=young(eden), S=young(survivor), O=old, HS=humongous(starts), HC=humongous(continues), CS=collection set, F=free, OA=open archive, CA=closed archive, TAMS=top-at-mark-start (previous, next)
|   0|0x0000000740000000, 0x0000000740200000, 0x0000000740200000|100%| O|  |TAMS 0x0000000740200000, 0x0000000740000000| Untracked 
|   1|0x0000000740200000, 0x0000000740200000, 0x0000000740400000|  0%| F|  |TAMS 0x0000000740200000, 0x0000000740200000| Untracked 
|   2|0x0000000740400000, 0x0000000740600000, 0x0000000740600000|100%|HS|  |TAMS 0x0000000740600000, 0x0000000740400000| Complete 
|   3|0x0000000740600000, 0x0000000740800000, 0x0000000740800000|100%|HC|  |TAMS 0x0000000740800000, 0x0000000740600000| Complete 
|   4|0x0000000740800000, 0x0000000740a00000, 0x0000000740a00000|100%| O|  |TAMS 0x0000000740a00000, 0x0000000740800000| Untracked 
|   5|0x0000000740a00000, 0x0000000740c00000, 0x0000000740c00000|100%|HS|  |TAMS 0x0000000740c00000, 0x0000000740a00000| Complete 
|   6|0x0000000740c00000, 0x0000000740e00000, 0x0000000740e00000|100%|HS|  |TAMS 0x0000000740e00000, 0x0000000740c00000| Complete 
|   7|0x0000000740e00000, 0x0000000741000000, 0x0000000741000000|100%|HC|  |TAMS 0x0000000741000000, 0x0000000740e00000| Complete 
|   8|0x0000000741000000, 0x0000000741200000, 0x0000000741200000|100%|HS|  |TAMS 0x0000000741200000, 0x0000000741000000| Complete 
|   9|0x0000000741200000, 0x0000000741400000, 0x0000000741400000|100%|HS|  |TAMS 0x0000000741400000, 0x0000000741200000| Complete 
|  10|0x0000000741400000, 0x0000000741600000, 0x0000000741600000|100%|HC|  |TAMS 0x0000000741600000, 0x0000000741400000| Complete 
|  11|0x0000000741600000, 0x0000000741800000, 0x0000000741800000|100%|HC|  |TAMS 0x0000000741800000, 0x0000000741600000| Complete 
|  12|0x0000000741800000, 0x0000000741a00000, 0x0000000741a00000|100%|HC|  |TAMS 0x0000000741a00000, 0x0000000741800000| Complete 
|  13|0x0000000741a00000, 0x0000000741c00000, 0x0000000741c00000|100%|HC|  |TAMS 0x0000000741c00000, 0x0000000741a00000| Complete 
|  14|0x0000000741c00000, 0x0000000741e00000, 0x0000000741e00000|100%|HC|  |TAMS 0x0000000741e00000, 0x0000000741c00000| Complete 
|  15|0x0000000741e00000, 0x0000000742000000, 0x0000000742000000|100%|HS|  |TAMS 0x0000000742000000, 0x0000000741e00000| Complete 
|  16|0x0000000742000000, 0x0000000742200000, 0x0000000742200000|100%|HS|  |TAMS 0x0000000742200000, 0x0000000742000000| Complete 
|  17|0x0000000742200000, 0x0000000742400000, 0x0000000742400000|100%|HC|  |TAMS 0x0000000742400000, 0x0000000742200000| Complete 
|  18|0x0000000742400000, 0x0000000742600000, 0x0000000742600000|100%|HC|  |TAMS 0x0000000742600000, 0x0000000742400000| Complete 
|  19|0x0000000742600000, 0x0000000742800000, 0x0000000742800000|100%| O|  |TAMS 0x0000000742800000, 0x0000000742600000| Untracked 
|  20|0x0000000742800000, 0x0000000742a00000, 0x0000000742a00000|100%| O|  |TAMS 0x0000000742a00000, 0x0000000742800000| Untracked 
|  21|0x0000000742a00000, 0x0000000742c00000, 0x0000000742c00000|100%| O|  |TAMS 0x0000000742c00000, 0x0000000742a00000| Untracked 
|  22|0x0000000742c00000, 0x0000000742e00000, 0x0000000742e00000|100%| O|  |TAMS 0x0000000742e00000, 0x0000000742c00000| Untracked 
|  23|0x0000000742e00000, 0x0000000743000000, 0x0000000743000000|100%| O|  |TAMS 0x0000000743000000, 0x0000000742e00000| Untracked 
|  24|0x0000000743000000, 0x0000000743200000, 0x0000000743200000|100%| O|  |TAMS 0x0000000743200000, 0x0000000743000000| Untracked 
|  25|0x0000000743200000, 0x0000000743400000, 0x0000000743400000|100%| O|  |TAMS 0x0000000743400000, 0x0000000743200000| Untracked 
|  26|0x0000000743400000, 0x0000000743600000, 0x0000000743600000|100%| O|  |TAMS 0x0000000743600000, 0x0000000743400000| Untracked 
|  27|0x0000000743600000, 0x0000000743800000, 0x0000000743800000|100%| O|  |TAMS 0x0000000743800000, 0x0000000743600000| Untracked 
|  28|0x0000000743800000, 0x0000000743a00000, 0x0000000743a00000|100%| O|  |TAMS 0x0000000743a00000, 0x0000000743800000| Untracked 
|  29|0x0000000743a00000, 0x0000000743c00000, 0x0000000743c00000|100%| O|  |TAMS 0x0000000743c00000, 0x0000000743a00000| Untracked 
|  30|0x0000000743c00000, 0x0000000743c6c800, 0x0000000743e00000| 21%| O|  |TAMS 0x0000000743c6c800, 0x0000000743c00000| Untracked 
|  31|0x0000000743e00000, 0x0000000744000000, 0x0000000744000000|100%|HS|  |TAMS 0x0000000743e00000, 0x0000000743e00000| Complete 
|  32|0x0000000744000000, 0x0000000744000000, 0x0000000744200000|  0%| F|  |TAMS 0x0000000744000000, 0x0000000744000000| Untracked 
|  33|0x0000000744200000, 0x0000000744200000, 0x0000000744400000|  0%| F|  |TAMS 0x0000000744200000, 0x0000000744200000| Untracked 
|  34|0x0000000744400000, 0x0000000744400000, 0x0000000744600000|  0%| F|  |TAMS 0x0000000744400000, 0x0000000744400000| Untracked 
|  35|0x0000000744600000, 0x0000000744600000, 0x0000000744800000|  0%| F|  |TAMS 0x0000000744600000, 0x0000000744600000| Untracked 
|  36|0x0000000744800000, 0x0000000744800000, 0x0000000744a00000|  0%| F|  |TAMS 0x0000000744800000, 0x0000000744800000| Untracked 
|  37|0x0000000744a00000, 0x0000000744a00000, 0x0000000744c00000|  0%| F|  |TAMS 0x0000000744a00000, 0x0000000744a00000| Untracked 
|  38|0x0000000744c00000, 0x0000000744c00000, 0x0000000744e00000|  0%| F|  |TAMS 0x0000000744c00000, 0x0000000744c00000| Untracked 
|  39|0x0000000744e00000, 0x0000000744e00000, 0x0000000745000000|  0%| F|  |TAMS 0x0000000744e00000, 0x0000000744e00000| Untracked 
|  40|0x0000000745000000, 0x0000000745000000, 0x0000000745200000|  0%| F|  |TAMS 0x0000000745000000, 0x0000000745000000| Untracked 
|  41|0x0000000745200000, 0x0000000745200000, 0x0000000745400000|  0%| F|  |TAMS 0x0000000745200000, 0x0000000745200000| Untracked 
|  42|0x0000000745400000, 0x0000000745400000, 0x0000000745600000|  0%| F|  |TAMS 0x0000000745400000, 0x0000000745400000| Untracked 
|  43|0x0000000745600000, 0x0000000745600000, 0x0000000745800000|  0%| F|  |TAMS 0x0000000745600000, 0x0000000745600000| Untracked 
|  44|0x0000000745800000, 0x0000000745800000, 0x0000000745a00000|  0%| F|  |TAMS 0x0000000745800000, 0x0000000745800000| Untracked 
|  45|0x0000000745a00000, 0x0000000745a00000, 0x0000000745c00000|  0%| F|  |TAMS 0x0000000745a00000, 0x0000000745a00000| Untracked 
|  46|0x0000000745c00000, 0x0000000745c00000, 0x0000000745e00000|  0%| F|  |TAMS 0x0000000745c00000, 0x0000000745c00000| Untracked 
|  47|0x0000000745e00000, 0x0000000745e00000, 0x0000000746000000|  0%| F|  |TAMS 0x0000000745e00000, 0x0000000745e00000| Untracked 
|  48|0x0000000746000000, 0x0000000746000000, 0x0000000746200000|  0%| F|  |TAMS 0x0000000746000000, 0x0000000746000000| Untracked 
|  49|0x0000000746200000, 0x00000007463cc028, 0x0000000746400000| 89%| S|CS|TAMS 0x0000000746200000, 0x0000000746200000| Complete 
|  50|0x0000000746400000, 0x0000000746400000, 0x0000000746600000|  0%| F|  |TAMS 0x0000000746400000, 0x0000000746400000| Untracked 
|  51|0x0000000746600000, 0x0000000746600000, 0x0000000746800000|  0%| F|  |TAMS 0x0000000746600000, 0x0000000746600000| Untracked 
|  52|0x0000000746800000, 0x0000000746a00000, 0x0000000746a00000|100%| S|CS|TAMS 0x0000000746800000, 0x0000000746800000| Complete 
|  53|0x0000000746a00000, 0x0000000746a00000, 0x0000000746c00000|  0%| F|  |TAMS 0x0000000746a00000, 0x0000000746a00000| Untracked 
|  54|0x0000000746c00000, 0x0000000746c00000, 0x0000000746e00000|  0%| F|  |TAMS 0x0000000746c00000, 0x0000000746c00000| Untracked 
|  55|0x0000000746e00000, 0x0000000746e00000, 0x0000000747000000|  0%| F|  |TAMS 0x0000000746e00000, 0x0000000746e00000| Untracked 
|  56|0x0000000747000000, 0x0000000747000000, 0x0000000747200000|  0%| F|  |TAMS 0x0000000747000000, 0x0000000747000000| Untracked 
|  57|0x0000000747200000, 0x0000000747200000, 0x0000000747400000|  0%| F|  |TAMS 0x0000000747200000, 0x0000000747200000| Untracked 
|  58|0x0000000747400000, 0x0000000747400000, 0x0000000747600000|  0%| F|  |TAMS 0x0000000747400000, 0x0000000747400000| Untracked 
|  59|0x0000000747600000, 0x0000000747600000, 0x0000000747800000|  0%| F|  |TAMS 0x0000000747600000, 0x0000000747600000| Untracked 
|  60|0x0000000747800000, 0x0000000747800000, 0x0000000747a00000|  0%| F|  |TAMS 0x0000000747800000, 0x0000000747800000| Untracked 
|  61|0x0000000747a00000, 0x0000000747a00000, 0x0000000747c00000|  0%| F|  |TAMS 0x0000000747a00000, 0x0000000747a00000| Untracked 
|  62|0x0000000747c00000, 0x0000000747c00000, 0x0000000747e00000|  0%| F|  |TAMS 0x0000000747c00000, 0x0000000747c00000| Untracked 
|  63|0x0000000747e00000, 0x0000000747e00000, 0x0000000748000000|  0%| F|  |TAMS 0x0000000747e00000, 0x0000000747e00000| Untracked 
|  64|0x0000000748000000, 0x0000000748000000, 0x0000000748200000|  0%| F|  |TAMS 0x0000000748000000, 0x0000000748000000| Untracked 
|  65|0x0000000748200000, 0x0000000748200000, 0x0000000748400000|  0%| F|  |TAMS 0x0000000748200000, 0x0000000748200000| Untracked 
|  66|0x0000000748400000, 0x0000000748400000, 0x0000000748600000|  0%| F|  |TAMS 0x0000000748400000, 0x0000000748400000| Untracked 
|  67|0x0000000748600000, 0x0000000748600000, 0x0000000748800000|  0%| F|  |TAMS 0x0000000748600000, 0x0000000748600000| Untracked 
|  68|0x0000000748800000, 0x0000000748800000, 0x0000000748a00000|  0%| F|  |TAMS 0x0000000748800000, 0x0000000748800000| Untracked 
|  69|0x0000000748a00000, 0x0000000748b00800, 0x0000000748c00000| 50%| E|  |TAMS 0x0000000748a00000, 0x0000000748a00000| Complete 
|  70|0x0000000748c00000, 0x0000000748e00000, 0x0000000748e00000|100%| E|CS|TAMS 0x0000000748c00000, 0x0000000748c00000| Complete 
|  71|0x0000000748e00000, 0x0000000749000000, 0x0000000749000000|100%| E|CS|TAMS 0x0000000748e00000, 0x0000000748e00000| Complete 
|  72|0x0000000749000000, 0x0000000749200000, 0x0000000749200000|100%| E|CS|TAMS 0x0000000749000000, 0x0000000749000000| Complete 
|  73|0x0000000749200000, 0x0000000749400000, 0x0000000749400000|100%| E|CS|TAMS 0x0000000749200000, 0x0000000749200000| Complete 
|  74|0x0000000749400000, 0x0000000749600000, 0x0000000749600000|100%| E|CS|TAMS 0x0000000749400000, 0x0000000749400000| Complete 
|  75|0x0000000749600000, 0x0000000749800000, 0x0000000749800000|100%| E|CS|TAMS 0x0000000749600000, 0x0000000749600000| Complete 
|  76|0x0000000749800000, 0x0000000749a00000, 0x0000000749a00000|100%| E|CS|TAMS 0x0000000749800000, 0x0000000749800000| Complete 
|  77|0x0000000749a00000, 0x0000000749c00000, 0x0000000749c00000|100%| E|CS|TAMS 0x0000000749a00000, 0x0000000749a00000| Complete 
|  78|0x0000000749c00000, 0x0000000749e00000, 0x0000000749e00000|100%| E|CS|TAMS 0x0000000749c00000, 0x0000000749c00000| Complete 
|  79|0x0000000749e00000, 0x000000074a000000, 0x000000074a000000|100%| E|CS|TAMS 0x0000000749e00000, 0x0000000749e00000| Complete 
|  80|0x000000074a000000, 0x000000074a200000, 0x000000074a200000|100%| E|CS|TAMS 0x000000074a000000, 0x000000074a000000| Complete 
|  81|0x000000074a200000, 0x000000074a400000, 0x000000074a400000|100%| E|CS|TAMS 0x000000074a200000, 0x000000074a200000| Complete 
|  82|0x000000074a400000, 0x000000074a600000, 0x000000074a600000|100%| E|CS|TAMS 0x000000074a400000, 0x000000074a400000| Complete 
|  83|0x000000074a600000, 0x000000074a800000, 0x000000074a800000|100%| E|CS|TAMS 0x000000074a600000, 0x000000074a600000| Complete 
|  84|0x000000074a800000, 0x000000074aa00000, 0x000000074aa00000|100%| E|CS|TAMS 0x000000074a800000, 0x000000074a800000| Complete 
|  85|0x000000074aa00000, 0x000000074ac00000, 0x000000074ac00000|100%| E|CS|TAMS 0x000000074aa00000, 0x000000074aa00000| Complete 
|  86|0x000000074ac00000, 0x000000074ae00000, 0x000000074ae00000|100%| E|CS|TAMS 0x000000074ac00000, 0x000000074ac00000| Complete 
| 182|0x0000000756c00000, 0x0000000756e00000, 0x0000000756e00000|100%| E|CS|TAMS 0x0000000756c00000, 0x0000000756c00000| Complete 
| 183|0x0000000756e00000, 0x0000000757000000, 0x0000000757000000|100%| E|CS|TAMS 0x0000000756e00000, 0x0000000756e00000| Complete 
| 184|0x0000000757000000, 0x0000000757200000, 0x0000000757200000|100%| E|CS|TAMS 0x0000000757000000, 0x0000000757000000| Complete 
| 185|0x0000000757200000, 0x0000000757400000, 0x0000000757400000|100%| E|CS|TAMS 0x0000000757200000, 0x0000000757200000| Complete 
| 186|0x0000000757400000, 0x0000000757600000, 0x0000000757600000|100%| E|CS|TAMS 0x0000000757400000, 0x0000000757400000| Complete 
| 187|0x0000000757600000, 0x0000000757800000, 0x0000000757800000|100%| E|CS|TAMS 0x0000000757600000, 0x0000000757600000| Complete 
| 188|0x0000000757800000, 0x0000000757a00000, 0x0000000757a00000|100%| E|CS|TAMS 0x0000000757800000, 0x0000000757800000| Complete 
| 245|0x000000075ea00000, 0x000000075ec00000, 0x000000075ec00000|100%| E|CS|TAMS 0x000000075ea00000, 0x000000075ea00000| Complete 
|1534|0x00000007ffc00000, 0x00000007ffd76000, 0x00000007ffe00000| 73%|OA|  |TAMS 0x00000007ffd76000, 0x00000007ffc00000| Untracked 
|1535|0x00000007ffe00000, 0x00000007ffe82000, 0x0000000800000000| 25%|CA|  |TAMS 0x00000007ffe82000, 0x00000007ffe00000| Untracked 

Card table byte_map: [0x00007fe95ffb3000,0x00007fe9605b3000] _byte_map_base: 0x00007fe95c5b3000

Marking Bits (Prev, Next): (CMBitMap*) 0x00007fe97806f4f0, (CMBitMap*) 0x00007fe97806f530
 Prev Bits: [0x00007fe95c9b3000, 0x00007fe95f9b3000)
 Next Bits: [0x00007fe9599b3000, 0x00007fe95c9b3000)

Polling page: 0x00007fe97dc93000

Metaspace:

Usage:
  Non-class:     33.54 MB used.
      Class:      5.47 MB used.
       Both:     39.01 MB used.

Virtual space:
  Non-class space:       64.00 MB reserved,      33.69 MB ( 53%) committed,  1 nodes.
      Class space:        1.00 GB reserved,       5.69 MB ( <1%) committed,  1 nodes.
             Both:        1.06 GB reserved,      39.38 MB (  4%) committed. 

Chunk freelists:
   Non-Class:  14.25 MB
       Class:  10.37 MB
        Both:  24.62 MB

MaxMetaspaceSize: unlimited
CompressedClassSpaceSize: 1.00 GB
Initial GC threshold: 21.00 MB
Current GC threshold: 58.75 MB
CDS: on
MetaspaceReclaimPolicy: balanced
 - commit_granule_bytes: 65536.
 - commit_granule_words: 8192.
 - virtual_space_node_default_size: 8388608.
 - enlarge_chunks_in_place: 1.
 - new_chunks_are_fully_committed: 0.
 - uncommit_free_chunks: 1.
 - use_allocation_guard: 0.
 - handle_deallocations: 1.


Internal statistics:

num_allocs_failed_limit: 6.
num_arena_births: 408.
num_arena_deaths: 0.
num_vsnodes_births: 2.
num_vsnodes_deaths: 0.
num_space_committed: 630.
num_space_uncommitted: 0.
num_chunks_returned_to_freelist: 6.
num_chunks_taken_from_freelist: 1871.
num_chunk_merges: 6.
num_chunk_splits: 1260.
num_chunks_enlarged: 906.
num_inconsistent_stats: 0.

CodeHeap 'non-profiled nmethods': size=120028Kb used=2395Kb max_used=2893Kb free=117633Kb
 bounds [0x00007fe969086000, 0x00007fe969366000, 0x00007fe9705bd000]
CodeHeap 'profiled nmethods': size=120028Kb used=8496Kb max_used=9342Kb free=111532Kb
 bounds [0x00007fe9615bd000, 0x00007fe961efd000, 0x00007fe968af4000]
CodeHeap 'non-nmethods': size=5704Kb used=2347Kb max_used=2402Kb free=3356Kb
 bounds [0x00007fe968af4000, 0x00007fe968d64000, 0x00007fe969086000]
 total_blobs=5092 nmethods=4273 adapters=730
 compilation: enabled
              stopped_count=0, restarted_count=0
 full_count=0

Compilation events (20 events):
Event: 6.358 Thread 0x00007fe978202f20 5054       2       org.objectweb.asm.ClassReader::readByte (11 bytes)
Event: 6.358 Thread 0x00007fe978202f20 nmethod 5054 0x00007fe9615c9590 code [0x00007fe9615c9720, 0x00007fe9615c9850]
Event: 6.358 Thread 0x00007fe978202f20 5055       2       org.objectweb.asm.ClassReader::readTypeAnnotationTarget (596 bytes)
Event: 6.359 Thread 0x00007fe978202f20 nmethod 5055 0x00007fe9617af710 code [0x00007fe9617af980, 0x00007fe9617b08d0]
Event: 6.359 Thread 0x00007fe978202f20 5056       2       org.objectweb.asm.TypePath::put (42 bytes)
Event: 6.359 Thread 0x00007fe978202f20 nmethod 5056 0x00007fe96187ca90 code [0x00007fe96187cc60, 0x00007fe96187cdf0]
Event: 6.359 Thread 0x00007fe978202f20 5057       2       org.objectweb.asm.MethodWriter::visitTypeAnnotation (45 bytes)
Event: 6.359 Thread 0x00007fe978202f20 nmethod 5057 0x00007fe961a0fc90 code [0x00007fe961a0fe40, 0x00007fe961a100b0]
Event: 6.360 Thread 0x00007fe9186f8d60 nmethod 5048 0x00007fe969253190 code [0x00007fe969253680, 0x00007fe969256c10]
Event: 6.360 Thread 0x00007fe978202f20 5058       1       org.objectweb.asm.Handle::getTag (5 bytes)
Event: 6.360 Thread 0x00007fe9186f8d60 5047       4       org.objectweb.asm.ClassReader::readStackMapFrame (535 bytes)
Event: 6.360 Thread 0x00007fe978202f20 nmethod 5058 0x00007fe96929e210 code [0x00007fe96929e3a0, 0x00007fe96929e470]
Event: 6.360 Thread 0x00007fe978202f20 5059       1       org.objectweb.asm.Handle::getOwner (5 bytes)
Event: 6.360 Thread 0x00007fe978202f20 nmethod 5059 0x00007fe9692cb590 code [0x00007fe9692cb720, 0x00007fe9692cb7f0]
Event: 6.360 Thread 0x00007fe978202f20 5060       1       org.objectweb.asm.Handle::getName (5 bytes)
Event: 6.360 Thread 0x00007fe978202f20 nmethod 5060 0x00007fe9690ec810 code [0x00007fe9690ec9a0, 0x00007fe9690eca70]
Event: 6.360 Thread 0x00007fe978202f20 5061       1       org.objectweb.asm.Handle::getDesc (5 bytes)
Event: 6.361 Thread 0x00007fe978202f20 nmethod 5061 0x00007fe9691a6690 code [0x00007fe9691a6820, 0x00007fe9691a68f0]
Event: 6.361 Thread 0x00007fe978202f20 5062       1       org.objectweb.asm.Handle::isInterface (5 bytes)
Event: 6.361 Thread 0x00007fe978202f20 nmethod 5062 0x00007fe9691a6110 code [0x00007fe9691a62a0, 0x00007fe9691a6370]

GC Heap History (16 events):
Event: 0.257 GC heap before
{Heap before GC invocations=0 (full 0):
 garbage-first heap   total 507904K, used 32736K [0x0000000740000000, 0x0000000800000000)
  region size 2048K, 12 young (24576K), 0 survivors (0K)
 Metaspace       used 3054K, committed 3136K, reserved 1114112K
  class space    used 392K, committed 448K, reserved 1048576K
}
Event: 0.259 GC heap after
{Heap after GC invocations=1 (full 0):
 garbage-first heap   total 507904K, used 11608K [0x0000000740000000, 0x0000000800000000)
  region size 2048K, 2 young (4096K), 2 survivors (4096K)
 Metaspace       used 3054K, committed 3136K, reserved 1114112K
  class space    used 392K, committed 448K, reserved 1048576K
}
Event: 0.406 GC heap before
{Heap before GC invocations=1 (full 0):
 garbage-first heap   total 507904K, used 40280K [0x0000000740000000, 0x0000000800000000)
  region size 2048K, 16 young (32768K), 2 survivors (4096K)
 Metaspace       used 4545K, committed 4736K, reserved 1114112K
  class space    used 615K, committed 704K, reserved 1048576K
}
Event: 0.407 GC heap after
{Heap after GC invocations=2 (full 0):
 garbage-first heap   total 507904K, used 16099K [0x0000000740000000, 0x0000000800000000)
  region size 2048K, 2 young (4096K), 2 survivors (4096K)
 Metaspace       used 4545K, committed 4736K, reserved 1114112K
  class space    used 615K, committed 704K, reserved 1048576K
}
Event: 4.292 GC heap before
{Heap before GC invocations=2 (full 0):
 garbage-first heap   total 507904K, used 155363K [0x0000000740000000, 0x0000000800000000)
  region size 2048K, 57 young (116736K), 2 survivors (4096K)
 Metaspace       used 21162K, committed 21504K, reserved 1114112K
  class space    used 3201K, committed 3328K, reserved 1048576K
}
Event: 4.296 GC heap after
{Heap after GC invocations=3 (full 0):
 garbage-first heap   total 507904K, used 54298K [0x0000000740000000, 0x0000000800000000)
  region size 2048K, 7 young (14336K), 7 survivors (14336K)
 Metaspace       used 21162K, committed 21504K, reserved 1114112K
  class space    used 3201K, committed 3328K, reserved 1048576K
}
Event: 5.350 GC heap before
{Heap before GC invocations=4 (full 0):
 garbage-first heap   total 198656K, used 160794K [0x0000000740000000, 0x0000000800000000)
  region size 2048K, 58 young (118784K), 7 survivors (14336K)
 Metaspace       used 34895K, committed 35328K, reserved 1114112K
  class space    used 4968K, committed 5184K, reserved 1048576K
}
Event: 5.358 GC heap after
{Heap after GC invocations=5 (full 0):
 garbage-first heap   total 198656K, used 62760K [0x0000000740000000, 0x0000000800000000)
  region size 2048K, 5 young (10240K), 5 survivors (10240K)
 Metaspace       used 34895K, committed 35328K, reserved 1114112K
  class space    used 4968K, committed 5184K, reserved 1048576K
}
Event: 5.365 GC heap before
{Heap before GC invocations=5 (full 0):
 garbage-first heap   total 198656K, used 64808K [0x0000000740000000, 0x0000000800000000)
  region size 2048K, 6 young (12288K), 5 survivors (10240K)
 Metaspace       used 34924K, committed 35328K, reserved 1114112K
  class space    used 4969K, committed 5184K, reserved 1048576K
}
Event: 5.369 GC heap after
{Heap after GC invocations=6 (full 0):
 garbage-first heap   total 198656K, used 63007K [0x0000000740000000, 0x0000000800000000)
  region size 2048K, 1 young (2048K), 1 survivors (2048K)
 Metaspace       used 34924K, committed 35328K, reserved 1114112K
  class space    used 4969K, committed 5184K, reserved 1048576K
}
Event: 5.444 GC heap before
{Heap before GC invocations=6 (full 0):
 garbage-first heap   total 198656K, used 67103K [0x0000000740000000, 0x0000000800000000)
  region size 2048K, 4 young (8192K), 1 survivors (2048K)
 Metaspace       used 35571K, committed 35968K, reserved 1114112K
  class space    used 5049K, committed 5248K, reserved 1048576K
}
Event: 5.445 GC heap after
{Heap after GC invocations=7 (full 0):
 garbage-first heap   total 198656K, used 62508K [0x0000000740000000, 0x0000000800000000)
  region size 2048K, 1 young (2048K), 1 survivors (2048K)
 Metaspace       used 35571K, committed 35968K, reserved 1114112K
  class space    used 5049K, committed 5248K, reserved 1048576K
}
Event: 6.053 GC heap before
{Heap before GC invocations=8 (full 0):
 garbage-first heap   total 198656K, used 150572K [0x0000000740000000, 0x0000000800000000)
  region size 2048K, 43 young (88064K), 1 survivors (2048K)
 Metaspace       used 39933K, committed 40320K, reserved 1114112K
  class space    used 5599K, committed 5824K, reserved 1048576K
}
Event: 6.056 GC heap after
{Heap after GC invocations=9 (full 0):
 garbage-first heap   total 198656K, used 67124K [0x0000000740000000, 0x0000000800000000)
  region size 2048K, 2 young (4096K), 2 survivors (4096K)
 Metaspace       used 39933K, committed 40320K, reserved 1114112K
  class space    used 5599K, committed 5824K, reserved 1048576K
}
Event: 6.289 GC heap before
{Heap before GC invocations=9 (full 0):
 garbage-first heap   total 198656K, used 153140K [0x0000000740000000, 0x0000000800000000)
  region size 2048K, 44 young (90112K), 2 survivors (4096K)
 Metaspace       used 39940K, committed 40320K, reserved 1114112K
  class space    used 5599K, committed 5824K, reserved 1048576K
}
Event: 6.296 GC heap after
{Heap after GC invocations=10 (full 0):
 garbage-first heap   total 198656K, used 67778K [0x0000000740000000, 0x0000000800000000)
  region size 2048K, 2 young (4096K), 2 survivors (4096K)
 Metaspace       used 39940K, committed 40320K, reserved 1114112K
  class space    used 5599K, committed 5824K, reserved 1048576K
}

Dll operation events (12 events):
Event: 0.001 Loaded shared library /usr/lib/jvm/java-17-openjdk-amd64/lib/libjava.so
Event: 0.007 Loaded shared library /usr/lib/jvm/java-17-openjdk-amd64/lib/libjsvml.so
Event: 0.028 Loaded shared library /usr/lib/jvm/java-17-openjdk-amd64/lib/libnio.so
Event: 0.031 Loaded shared library /usr/lib/jvm/java-17-openjdk-amd64/lib/libzip.so
Event: 0.091 Loaded shared library /usr/lib/jvm/java-17-openjdk-amd64/lib/libjimage.so
Event: 0.117 Loaded shared library /usr/lib/jvm/java-17-openjdk-amd64/lib/libverify.so
Event: 0.188 Loaded shared library /usr/lib/jvm/java-17-openjdk-amd64/lib/libnet.so
Event: 0.189 Loaded shared library /home/robert/.gradle/native/e1d6ef7f7dcc3fd88c89a11ec53ec762bb8ba0a96d01ffa2cd45eb1d1d8dd5c5/linux-amd64/libnative-platform.so
Event: 0.193 Loaded shared library /home/robert/.gradle/native/0d407fdbe67a94daf76414ababcb853783967236a71b16ec16e742cd7a986fd3/linux-amd64/libnative-platform-file-events.so
Event: 0.444 Loaded shared library /usr/lib/jvm/java-17-openjdk-amd64/lib/libmanagement.so
Event: 0.445 Loaded shared library /usr/lib/jvm/java-17-openjdk-amd64/lib/libmanagement_ext.so
Event: 0.534 Loaded shared library /usr/lib/jvm/java-17-openjdk-amd64/lib/libextnet.so

Deoptimization events (20 events):
Event: 6.287 Thread 0x00007fe8c0acfd50 DEOPT PACKING pc=0x00007fe96162c168 sp=0x00007fe8c6eece10
Event: 6.287 Thread 0x00007fe8c0acfd50 DEOPT UNPACKING pc=0x00007fe968b4ae2f sp=0x00007fe8c6eec310 mode 0
Event: 6.302 Thread 0x00007fe8c0acfd50 DEOPT PACKING pc=0x00007fe96162c168 sp=0x00007fe8c6eece10
Event: 6.302 Thread 0x00007fe8c0acfd50 DEOPT UNPACKING pc=0x00007fe968b4ae2f sp=0x00007fe8c6eec310 mode 0
Event: 6.310 Thread 0x00007fe8c0acfd50 DEOPT PACKING pc=0x00007fe96162c168 sp=0x00007fe8c6eece10
Event: 6.310 Thread 0x00007fe8c0acfd50 DEOPT UNPACKING pc=0x00007fe968b4ae2f sp=0x00007fe8c6eec310 mode 0
Event: 6.316 Thread 0x00007fe8c0acfd50 DEOPT PACKING pc=0x00007fe96162c168 sp=0x00007fe8c6eece10
Event: 6.316 Thread 0x00007fe8c0acfd50 DEOPT UNPACKING pc=0x00007fe968b4ae2f sp=0x00007fe8c6eec310 mode 0
Event: 6.323 Thread 0x00007fe8c0acfd50 DEOPT PACKING pc=0x00007fe96162c168 sp=0x00007fe8c6eece10
Event: 6.323 Thread 0x00007fe8c0acfd50 DEOPT UNPACKING pc=0x00007fe968b4ae2f sp=0x00007fe8c6eec310 mode 0
Event: 6.329 Thread 0x00007fe8c0acfd50 DEOPT PACKING pc=0x00007fe96162c168 sp=0x00007fe8c6eece10
Event: 6.329 Thread 0x00007fe8c0acfd50 DEOPT UNPACKING pc=0x00007fe968b4ae2f sp=0x00007fe8c6eec310 mode 0
Event: 6.334 Thread 0x00007fe8c0acfd50 DEOPT PACKING pc=0x00007fe96162c168 sp=0x00007fe8c6eece10
Event: 6.334 Thread 0x00007fe8c0acfd50 DEOPT UNPACKING pc=0x00007fe968b4ae2f sp=0x00007fe8c6eec310 mode 0
Event: 6.342 Thread 0x00007fe8c0acfd50 DEOPT PACKING pc=0x00007fe96162c168 sp=0x00007fe8c6eece10
Event: 6.342 Thread 0x00007fe8c0acfd50 DEOPT UNPACKING pc=0x00007fe968b4ae2f sp=0x00007fe8c6eec310 mode 0
Event: 6.349 Thread 0x00007fe8c0acfd50 DEOPT PACKING pc=0x00007fe96162c168 sp=0x00007fe8c6eece10
Event: 6.349 Thread 0x00007fe8c0acfd50 DEOPT UNPACKING pc=0x00007fe968b4ae2f sp=0x00007fe8c6eec310 mode 0
Event: 6.357 Thread 0x00007fe8c0acfd50 DEOPT PACKING pc=0x00007fe96162c168 sp=0x00007fe8c6eece10
Event: 6.357 Thread 0x00007fe8c0acfd50 DEOPT UNPACKING pc=0x00007fe968b4ae2f sp=0x00007fe8c6eec310 mode 0

Classes unloaded (0 events):
No events

Classes redefined (0 events):
No events

Internal exceptions (20 events):
Event: 5.596 Thread 0x00007fe8d4007aa0 Exception <a 'java/lang/ClassNotFoundException'{0x00000007571d7bf0}: sync_studio_tooling1_7e6hqtipb34ypdefxojfmxqfeBeanInfo> (0x00000007571d7bf0) 
thrown [src/hotspot/share/classfile/systemDictionary.cpp, line 256]
Event: 5.596 Thread 0x00007fe8d4007aa0 Exception <a 'java/lang/ClassNotFoundException'{0x00000007571de500}: sync_studio_tooling1_7e6hqtipb34ypdefxojfmxqfeCustomizer> (0x00000007571de500) 
thrown [src/hotspot/share/classfile/systemDictionary.cpp, line 256]
Event: 5.602 Thread 0x00007fe8d4007aa0 Exception <a 'java/lang/ClassNotFoundException'{0x0000000756e2ab98}: org/gradle/internal/metaobject/ConfigureDelegateBeanInfo> (0x0000000756e2ab98) 
thrown [src/hotspot/share/classfile/systemDictionary.cpp, line 256]
Event: 5.603 Thread 0x00007fe8d4007aa0 Exception <a 'java/lang/ClassNotFoundException'{0x0000000756e3a848}: org/gradle/internal/metaobject/ConfigureDelegateCustomizer> (0x0000000756e3a848) 
thrown [src/hotspot/share/classfile/systemDictionary.cpp, line 256]
Event: 5.609 Thread 0x00007fe8d4007aa0 Exception <a 'java/lang/ClassNotFoundException'{0x0000000756e92490}: org/gradle/api/internal/initialization/DefaultScriptHandlerBeanInfo> (0x0000000756e92490) 
thrown [src/hotspot/share/classfile/systemDictionary.cpp, line 256]
Event: 5.609 Thread 0x00007fe8d4007aa0 Exception <a 'java/lang/ClassNotFoundException'{0x0000000756ea29d0}: org/gradle/api/internal/initialization/DefaultScriptHandlerCustomizer> (0x0000000756ea29d0) 
thrown [src/hotspot/share/classfile/systemDictionary.cpp, line 256]
Event: 5.692 Thread 0x00007fe8d4007aa0 Implicit null exception at 0x00007fe96927caec to 0x00007fe96927cb94
Event: 5.696 Thread 0x00007fe8d4007aa0 Exception <a 'java/lang/ClassNotFoundException'{0x000000074ab06cb0}: org/gradle/api/internal/artifacts/dsl/dependencies/DefaultDependencyHandler_DecoratedBeanInfo> (0x000000074ab06cb0) 
thrown [src/hotspot/share/classfile/systemDictionary.cpp, line 256]
Event: 5.696 Thread 0x00007fe8d4007aa0 Exception <a 'java/lang/ClassNotFoundException'{0x000000074ab1c288}: org/gradle/api/internal/artifacts/dsl/dependencies/DefaultDependencyHandlerBeanInfo> (0x000000074ab1c288) 
thrown [src/hotspot/share/classfile/systemDictionary.cpp, line 256]
Event: 5.697 Thread 0x00007fe8d4007aa0 Exception <a 'java/lang/ClassNotFoundException'{0x000000074ab312d0}: org/gradle/api/internal/artifacts/dsl/dependencies/DefaultDependencyHandlerCustomizer> (0x000000074ab312d0) 
thrown [src/hotspot/share/classfile/systemDictionary.cpp, line 256]
Event: 5.698 Thread 0x00007fe8d4007aa0 Exception <a 'java/lang/ClassNotFoundException'{0x000000074ab71538}: org/gradle/api/internal/artifacts/dsl/dependencies/DefaultDependencyHandler_DecoratedCustomizer> (0x000000074ab71538) 
thrown [src/hotspot/share/classfile/systemDictionary.cpp, line 256]
Event: 5.699 Thread 0x00007fe8d4007aa0 Exception <a 'java/lang/ClassNotFoundException'{0x000000074abb2ce8}: sync_studio_tooling1_7e6hqtipb34ypdefxojfmxqfe$_run_closure1BeanInfo> (0x000000074abb2ce8) 
thrown [src/hotspot/share/classfile/systemDictionary.cpp, line 256]
Event: 5.700 Thread 0x00007fe8d4007aa0 Exception <a 'java/lang/ClassNotFoundException'{0x000000074abb9cd0}: sync_studio_tooling1_7e6hqtipb34ypdefxojfmxqfe$_run_closure1Customizer> (0x000000074abb9cd0) 
thrown [src/hotspot/share/classfile/systemDictionary.cpp, line 256]
Event: 5.718 Thread 0x00007fe8d4007aa0 Exception <a 'java/lang/NoSuchMethodError'{0x000000074a9cc330}: 'java.lang.Object java.lang.invoke.DirectMethodHandle$Holder.newInvokeSpecial(java.lang.Object, int, java.lang.Object)'> (0x000000074a9cc330) 
thrown [src/hotspot/share/interpreter/linkResolver.cpp, line 758]
Event: 5.790 Thread 0x00007fe8d4007aa0 Exception <a 'java/lang/NoSuchMethodError'{0x000000074a2647d0}: 'int java.lang.invoke.DirectMethodHandle$Holder.invokeInterface(java.lang.Object, java.lang.Object)'> (0x000000074a2647d0) 
thrown [src/hotspot/share/interpreter/linkResolver.cpp, line 758]
Event: 5.790 Thread 0x00007fe8d4007aa0 Exception <a 'java/lang/IncompatibleClassChangeError'{0x000000074a268aa8}: Found class java.lang.Object, but interface was expected> (0x000000074a268aa8) 
thrown [src/hotspot/share/interpreter/linkResolver.cpp, line 826]
Event: 5.790 Thread 0x00007fe8d4007aa0 Exception <a 'java/lang/NoSuchMethodError'{0x000000074a2704d8}: 'int java.lang.invoke.DirectMethodHandle$Holder.invokeSpecialIFC(java.lang.Object, java.lang.Object, java.lang.Object, java.lang.Object, java.lang.Object)'> (0x000000074a2704d8) 
thrown [src/hotspot/share/interpreter/linkResolver.cpp, line 758]
Event: 5.845 Thread 0x00007fe8d4007aa0 Exception <a 'java/lang/NoSuchMethodError'{0x0000000749f85938}: 'int java.lang.invoke.DirectMethodHandle$Holder.invokeStatic(java.lang.Object)'> (0x0000000749f85938) 
thrown [src/hotspot/share/interpreter/linkResolver.cpp, line 758]
Event: 5.846 Thread 0x00007fe8d4007aa0 Exception <a 'java/lang/NoSuchMethodError'{0x0000000749f89d28}: 'int java.lang.invoke.DirectMethodHandle$Holder.invokeStaticInit(java.lang.Object)'> (0x0000000749f89d28) 
thrown [src/hotspot/share/interpreter/linkResolver.cpp, line 758]
Event: 5.857 Thread 0x00007fe8c0acfd50 Exception <a 'sun/nio/fs/UnixException'{0x00000007498903e8}> (0x00000007498903e8) 
thrown [src/hotspot/share/prims/jni.cpp, line 516]

VM Operations (20 events):
Event: 5.578 Executing VM operation: HandshakeAllThreads
Event: 5.578 Executing VM operation: HandshakeAllThreads done
Event: 5.672 Executing VM operation: HandshakeAllThreads
Event: 5.672 Executing VM operation: HandshakeAllThreads done
Event: 5.684 Executing VM operation: HandshakeAllThreads
Event: 5.684 Executing VM operation: HandshakeAllThreads done
Event: 5.684 Executing VM operation: HandshakeAllThreads
Event: 5.684 Executing VM operation: HandshakeAllThreads done
Event: 5.860 Executing VM operation: HandshakeAllThreads
Event: 5.861 Executing VM operation: HandshakeAllThreads done
Event: 5.864 Executing VM operation: ICBufferFull
Event: 5.864 Executing VM operation: ICBufferFull done
Event: 5.872 Executing VM operation: HandshakeAllThreads
Event: 5.872 Executing VM operation: HandshakeAllThreads done
Event: 5.880 Executing VM operation: HandshakeAllThreads
Event: 5.880 Executing VM operation: HandshakeAllThreads done
Event: 6.053 Executing VM operation: G1CollectForAllocation
Event: 6.056 Executing VM operation: G1CollectForAllocation done
Event: 6.289 Executing VM operation: G1CollectForAllocation
Event: 6.296 Executing VM operation: G1CollectForAllocation done

Events (20 events):
Event: 5.884 Thread 0x00007fe97820c380 flushing nmethod 0x00007fe961d57390
Event: 5.884 Thread 0x00007fe97820c380 flushing nmethod 0x00007fe961d73b90
Event: 5.884 Thread 0x00007fe97820c380 flushing nmethod 0x00007fe961d84910
Event: 5.884 Thread 0x00007fe97820c380 flushing nmethod 0x00007fe961d96f10
Event: 5.884 Thread 0x00007fe97820c380 flushing nmethod 0x00007fe961daac90
Event: 5.884 Thread 0x00007fe97820c380 flushing nmethod 0x00007fe961dab090
Event: 5.884 Thread 0x00007fe97820c380 flushing nmethod 0x00007fe961dad490
Event: 5.884 Thread 0x00007fe97820c380 flushing nmethod 0x00007fe961daed90
Event: 5.884 Thread 0x00007fe97820c380 flushing nmethod 0x00007fe961dd2990
Event: 5.884 Thread 0x00007fe97820c380 flushing nmethod 0x00007fe961dd2e90
Event: 5.884 Thread 0x00007fe97820c380 flushing nmethod 0x00007fe961ddff10
Event: 5.884 Thread 0x00007fe97820c380 flushing nmethod 0x00007fe961de0d10
Event: 5.884 Thread 0x00007fe97820c380 flushing nmethod 0x00007fe961de4810
Event: 5.884 Thread 0x00007fe97820c380 flushing nmethod 0x00007fe961de9790
Event: 5.884 Thread 0x00007fe97820c380 flushing nmethod 0x00007fe961df3490
Event: 5.884 Thread 0x00007fe97820c380 flushing nmethod 0x00007fe961df8490
Event: 5.884 Thread 0x00007fe97820c380 flushing nmethod 0x00007fe961e0c210
Event: 5.884 Thread 0x00007fe97820c380 flushing nmethod 0x00007fe961e11b90
Event: 5.884 Thread 0x00007fe97820c380 flushing nmethod 0x00007fe961e22490
Event: 5.884 Thread 0x00007fe97820c380 flushing nmethod 0x00007fe961e3b110


Dynamic libraries:
740000000-74ae00000 rw-p 00000000 00:00 0 
74ae00000-756c00000 ---p 00000000 00:00 0 
756c00000-757a00000 rw-p 00000000 00:00 0 
757a00000-75ea00000 ---p 00000000 00:00 0 
75ea00000-75ec00000 rw-p 00000000 00:00 0 
75ec00000-7ffc00000 ---p 00000000 00:00 0 
7ffc00000-7ffd00000 rw-p 00000000 00:00 0 
7ffd00000-7ffd76000 rw-p 00c9d000 103:02 7869326                         /usr/lib/jvm/java-17-openjdk-amd64/lib/server/classes.jsa
7ffd76000-7ffe00000 rw-p 00000000 00:00 0 
7ffe00000-7ffe82000 rw-p 00c1b000 103:02 7869326                         /usr/lib/jvm/java-17-openjdk-amd64/lib/server/classes.jsa
7ffe82000-800000000 rw-p 00000000 00:00 0 
800000000-800458000 rw-p 00001000 103:02 7869326                         /usr/lib/jvm/java-17-openjdk-amd64/lib/server/classes.jsa
800458000-800be2000 r--p 00459000 103:02 7869326                         /usr/lib/jvm/java-17-openjdk-amd64/lib/server/classes.jsa
800be2000-801000000 ---p 00000000 00:00 0 
801000000-801040000 rw-p 00000000 00:00 0 
801040000-801080000 rw-p 00000000 00:00 0 
801080000-801140000 rw-p 00000000 00:00 0 
801140000-801180000 rw-p 00000000 00:00 0 
801180000-801440000 rw-p 00000000 00:00 0 
801440000-8015b0000 rw-p 00000000 00:00 0 
8015b0000-841000000 ---p 00000000 00:00 0 
562440731000-562440732000 r--p 00000000 103:02 7209022                   /usr/lib/jvm/java-17-openjdk-amd64/bin/java
562440732000-562440733000 r-xp 00001000 103:02 7209022                   /usr/lib/jvm/java-17-openjdk-amd64/bin/java
562440733000-562440734000 r--p 00002000 103:02 7209022                   /usr/lib/jvm/java-17-openjdk-amd64/bin/java
562440734000-562440735000 r--p 00002000 103:02 7209022                   /usr/lib/jvm/java-17-openjdk-amd64/bin/java
562440735000-562440736000 rw-p 00003000 103:02 7209022                   /usr/lib/jvm/java-17-openjdk-amd64/bin/java
562441527000-56244156d000 rw-p 00000000 00:00 0                          [heap]
7fe848000000-7fe848021000 rw-p 00000000 00:00 0 
7fe848021000-7fe84c000000 ---p 00000000 00:00 0 
7fe84c000000-7fe84c021000 rw-p 00000000 00:00 0 
7fe84c021000-7fe850000000 ---p 00000000 00:00 0 
7fe850000000-7fe850021000 rw-p 00000000 00:00 0 
7fe850021000-7fe854000000 ---p 00000000 00:00 0 
7fe854000000-7fe854021000 rw-p 00000000 00:00 0 
7fe854021000-7fe858000000 ---p 00000000 00:00 0 
7fe858000000-7fe858021000 rw-p 00000000 00:00 0 
7fe858021000-7fe85c000000 ---p 00000000 00:00 0 
7fe85c000000-7fe85c021000 rw-p 00000000 00:00 0 
7fe85c021000-7fe860000000 ---p 00000000 00:00 0 
7fe860000000-7fe860021000 rw-p 00000000 00:00 0 
7fe860021000-7fe864000000 ---p 00000000 00:00 0 
7fe864000000-7fe864021000 rw-p 00000000 00:00 0 
7fe864021000-7fe868000000 ---p 00000000 00:00 0 
7fe868000000-7fe868021000 rw-p 00000000 00:00 0 
7fe868021000-7fe86c000000 ---p 00000000 00:00 0 
7fe86c000000-7fe86c021000 rw-p 00000000 00:00 0 
7fe86c021000-7fe870000000 ---p 00000000 00:00 0 
7fe870000000-7fe870cfd000 rw-p 00000000 00:00 0 
7fe870cfd000-7fe874000000 ---p 00000000 00:00 0 
7fe874000000-7fe874b40000 rw-p 00000000 00:00 0 
7fe874b40000-7fe878000000 ---p 00000000 00:00 0 
7fe878000000-7fe8780f5000 rw-p 00000000 00:00 0 
7fe8780f5000-7fe87c000000 ---p 00000000 00:00 0 
7fe87c000000-7fe87c021000 rw-p 00000000 00:00 0 
7fe87c021000-7fe880000000 ---p 00000000 00:00 0 
7fe880000000-7fe880021000 rw-p 00000000 00:00 0 
7fe880021000-7fe884000000 ---p 00000000 00:00 0 
7fe884000000-7fe884021000 rw-p 00000000 00:00 0 
7fe884021000-7fe888000000 ---p 00000000 00:00 0 
7fe888000000-7fe888021000 rw-p 00000000 00:00 0 
7fe888021000-7fe88c000000 ---p 00000000 00:00 0 
7fe88c000000-7fe88c021000 rw-p 00000000 00:00 0 
7fe88c021000-7fe890000000 ---p 00000000 00:00 0 
7fe890000000-7fe890021000 rw-p 00000000 00:00 0 
7fe890021000-7fe894000000 ---p 00000000 00:00 0 
7fe894000000-7fe89405d000 rw-p 00000000 00:00 0 
7fe89405d000-7fe898000000 ---p 00000000 00:00 0 
7fe898000000-7fe898021000 rw-p 00000000 00:00 0 
7fe898021000-7fe89c000000 ---p 00000000 00:00 0 
7fe89c000000-7fe89c021000 rw-p 00000000 00:00 0 
7fe89c021000-7fe8a0000000 ---p 00000000 00:00 0 
7fe8a0000000-7fe8a0021000 rw-p 00000000 00:00 0 
7fe8a0021000-7fe8a4000000 ---p 00000000 00:00 0 
7fe8a4000000-7fe8a4021000 rw-p 00000000 00:00 0 
7fe8a4021000-7fe8a8000000 ---p 00000000 00:00 0 
7fe8a8000000-7fe8a8021000 rw-p 00000000 00:00 0 
7fe8a8021000-7fe8ac000000 ---p 00000000 00:00 0 
7fe8ac000000-7fe8ac021000 rw-p 00000000 00:00 0 
7fe8ac021000-7fe8b0000000 ---p 00000000 00:00 0 
7fe8b0000000-7fe8b0021000 rw-p 00000000 00:00 0 
7fe8b0021000-7fe8b4000000 ---p 00000000 00:00 0 
7fe8b4000000-7fe8b4021000 rw-p 00000000 00:00 0 
7fe8b4021000-7fe8b8000000 ---p 00000000 00:00 0 
7fe8b8000000-7fe8b8021000 rw-p 00000000 00:00 0 
7fe8b8021000-7fe8bc000000 ---p 00000000 00:00 0 
7fe8bc000000-7fe8bc021000 rw-p 00000000 00:00 0 
7fe8bc021000-7fe8c0000000 ---p 00000000 00:00 0 
7fe8c0000000-7fe8c10e1000 rw-p 00000000 00:00 0 
7fe8c10e1000-7fe8c4000000 ---p 00000000 00:00 0 
7fe8c5e45000-7fe8c60dd000 rw-p 00000000 00:00 0 
7fe8c60dd000-7fe8c60de000 ---p 00000000 00:00 0 
7fe8c60de000-7fe8c61df000 rw-p 00000000 00:00 0 
7fe8c61df000-7fe8c61e0000 ---p 00000000 00:00 0 
7fe8c61e0000-7fe8c62e1000 rw-p 00000000 00:00 0 
7fe8c62e1000-7fe8c62e5000 ---p 00000000 00:00 0 
7fe8c62e5000-7fe8c63e2000 rw-p 00000000 00:00 0 
7fe8c63e2000-7fe8c63e6000 ---p 00000000 00:00 0 
7fe8c63e6000-7fe8c64e3000 rw-p 00000000 00:00 0 
7fe8c64e3000-7fe8c64e7000 ---p 00000000 00:00 0 
7fe8c64e7000-7fe8c65e4000 rw-p 00000000 00:00 0 
7fe8c65e4000-7fe8c65e8000 ---p 00000000 00:00 0 
7fe8c65e8000-7fe8c66e5000 rw-p 00000000 00:00 0 
7fe8c66e5000-7fe8c66e9000 ---p 00000000 00:00 0 
7fe8c66e9000-7fe8c67e6000 rw-p 00000000 00:00 0 
7fe8c67e6000-7fe8c67e7000 ---p 00000000 00:00 0 
7fe8c67e7000-7fe8c68e8000 rw-p 00000000 00:00 0 
7fe8c68e8000-7fe8c68e9000 ---p 00000000 00:00 0 
7fe8c68e9000-7fe8c69ea000 rw-p 00000000 00:00 0 
7fe8c69ea000-7fe8c69ee000 ---p 00000000 00:00 0 
7fe8c69ee000-7fe8c6aeb000 rw-p 00000000 00:00 0 
7fe8c6aeb000-7fe8c6aef000 ---p 00000000 00:00 0 
7fe8c6aef000-7fe8c6bec000 rw-p 00000000 00:00 0 
7fe8c6bec000-7fe8c6bf0000 ---p 00000000 00:00 0 
7fe8c6bf0000-7fe8c6ced000 rw-p 00000000 00:00 0 
7fe8c6ced000-7fe8c6cf1000 ---p 00000000 00:00 0 
7fe8c6cf1000-7fe8c6dee000 rw-p 00000000 00:00 0 
7fe8c6dee000-7fe8c6df2000 ---p 00000000 00:00 0 
7fe8c6df2000-7fe8c6eef000 rw-p 00000000 00:00 0 
7fe8c6eef000-7fe8c6ef3000 ---p 00000000 00:00 0 
7fe8c6ef3000-7fe8c6ff0000 rw-p 00000000 00:00 0 
7fe8c6ff0000-7fe8c6ff4000 ---p 00000000 00:00 0 
7fe8c6ff4000-7fe8c70f1000 rw-p 00000000 00:00 0 
7fe8c70f1000-7fe8c70f5000 ---p 00000000 00:00 0 
7fe8c70f5000-7fe8c71f2000 rw-p 00000000 00:00 0 
7fe8c71f2000-7fe8c71f6000 ---p 00000000 00:00 0 
7fe8c71f6000-7fe8c72f3000 rw-p 00000000 00:00 0 
7fe8c72f3000-7fe8c72f7000 ---p 00000000 00:00 0 
7fe8c72f7000-7fe8c73f4000 rw-p 00000000 00:00 0 
7fe8c73f4000-7fe8c73f8000 ---p 00000000 00:00 0 
7fe8c73f8000-7fe8c74f5000 rw-p 00000000 00:00 0 
7fe8c74f5000-7fe8c74f9000 ---p 00000000 00:00 0 
7fe8c74f9000-7fe8c75f6000 rw-p 00000000 00:00 0 
7fe8c75f6000-7fe8c75fa000 ---p 00000000 00:00 0 
7fe8c75fa000-7fe8c76f7000 rw-p 00000000 00:00 0 
7fe8c76f7000-7fe8c76fb000 ---p 00000000 00:00 0 
7fe8c76fb000-7fe8c77f8000 rw-p 00000000 00:00 0 
7fe8c77f8000-7fe8c77fc000 ---p 00000000 00:00 0 
7fe8c77fc000-7fe8c78f9000 rw-p 00000000 00:00 0 
7fe8c78f9000-7fe8c78fd000 ---p 00000000 00:00 0 
7fe8c78fd000-7fe8c79fa000 rw-p 00000000 00:00 0 
7fe8c79fa000-7fe8c79fe000 ---p 00000000 00:00 0 
7fe8c79fe000-7fe8c7afb000 rw-p 00000000 00:00 0 
7fe8c7afb000-7fe8c7aff000 ---p 00000000 00:00 0 
7fe8c7aff000-7fe8c7bfc000 rw-p 00000000 00:00 0 
7fe8c7bfc000-7fe8c7c00000 ---p 00000000 00:00 0 
7fe8c7c00000-7fe8c7cfd000 rw-p 00000000 00:00 0 
7fe8c7cfd000-7fe8c7d01000 ---p 00000000 00:00 0 
7fe8c7d01000-7fe8c7dfe000 rw-p 00000000 00:00 0 
7fe8c7dfe000-7fe8c7e02000 ---p 00000000 00:00 0 
7fe8c7e02000-7fe8c7eff000 rw-p 00000000 00:00 0 
7fe8c7eff000-7fe8c7f03000 ---p 00000000 00:00 0 
7fe8c7f03000-7fe8c8000000 rw-p 00000000 00:00 0 
7fe8c8000000-7fe8c803a000 rw-p 00000000 00:00 0 
7fe8c803a000-7fe8cc000000 ---p 00000000 00:00 0 
7fe8cc000000-7fe8cc021000 rw-p 00000000 00:00 0 
7fe8cc021000-7fe8d0000000 ---p 00000000 00:00 0 
7fe8d0000000-7fe8d0021000 rw-p 00000000 00:00 0 
7fe8d0021000-7fe8d4000000 ---p 00000000 00:00 0 
7fe8d4000000-7fe8d4021000 rw-p 00000000 00:00 0 
7fe8d4021000-7fe8d8000000 ---p 00000000 00:00 0 
7fe8d8000000-7fe8d8021000 rw-p 00000000 00:00 0 
7fe8d8021000-7fe8dc000000 ---p 00000000 00:00 0 
7fe8dc000000-7fe8dc055000 rw-p 00000000 00:00 0 
7fe8dc055000-7fe8e0000000 ---p 00000000 00:00 0 
7fe8e0000000-7fe8e0021000 rw-p 00000000 00:00 0 
7fe8e0021000-7fe8e4000000 ---p 00000000 00:00 0 
7fe8e4000000-7fe8e4021000 rw-p 00000000 00:00 0 
7fe8e4021000-7fe8e8000000 ---p 00000000 00:00 0 
7fe8e8000000-7fe8e8021000 rw-p 00000000 00:00 0 
7fe8e8021000-7fe8ec000000 ---p 00000000 00:00 0 
7fe8ec000000-7fe8ec021000 rw-p 00000000 00:00 0 
7fe8ec021000-7fe8f0000000 ---p 00000000 00:00 0 
7fe8f0000000-7fe8f0021000 rw-p 00000000 00:00 0 
7fe8f0021000-7fe8f4000000 ---p 00000000 00:00 0 
7fe8f4000000-7fe8f4021000 rw-p 00000000 00:00 0 
7fe8f4021000-7fe8f8000000 ---p 00000000 00:00 0 
7fe8f8000000-7fe8f8021000 rw-p 00000000 00:00 0 
7fe8f8021000-7fe8fc000000 ---p 00000000 00:00 0 
7fe8fc000000-7fe8fc021000 rw-p 00000000 00:00 0 
7fe8fc021000-7fe900000000 ---p 00000000 00:00 0 
7fe900000000-7fe9011a6000 rw-p 00000000 00:00 0 
7fe9011a6000-7fe904000000 ---p 00000000 00:00 0 
7fe904000000-7fe904021000 rw-p 00000000 00:00 0 
7fe904021000-7fe908000000 ---p 00000000 00:00 0 
7fe908000000-7fe908021000 rw-p 00000000 00:00 0 
7fe908021000-7fe90c000000 ---p 00000000 00:00 0 
7fe90c000000-7fe90d6be000 rw-p 00000000 00:00 0 
7fe90d6be000-7fe910000000 ---p 00000000 00:00 0 
7fe910000000-7fe910021000 rw-p 00000000 00:00 0 
7fe910021000-7fe914000000 ---p 00000000 00:00 0 
7fe914000000-7fe914021000 rw-p 00000000 00:00 0 
7fe914021000-7fe918000000 ---p 00000000 00:00 0 
7fe918000000-7fe918740000 rw-p 00000000 00:00 0 
7fe918740000-7fe91c000000 ---p 00000000 00:00 0 
7fe91c000000-7fe91c021000 rw-p 00000000 00:00 0 
7fe91c021000-7fe920000000 ---p 00000000 00:00 0 
7fe920000000-7fe920021000 rw-p 00000000 00:00 0 
7fe920021000-7fe924000000 ---p 00000000 00:00 0 
7fe924000000-7fe925837000 rw-p 00000000 00:00 0 
7fe925837000-7fe928000000 ---p 00000000 00:00 0 
7fe928000000-7fe928021000 rw-p 00000000 00:00 0 
7fe928021000-7fe92c000000 ---p 00000000 00:00 0 
7fe92c000000-7fe92c021000 rw-p 00000000 00:00 0 
7fe92c021000-7fe930000000 ---p 00000000 00:00 0 
7fe930000000-7fe930021000 rw-p 00000000 00:00 0 
7fe930021000-7fe934000000 ---p 00000000 00:00 0 
7fe934000000-7fe934021000 rw-p 00000000 00:00 0 
7fe934021000-7fe938000000 ---p 00000000 00:00 0 
7fe938000000-7fe938021000 rw-p 00000000 00:00 0 
7fe938021000-7fe93c000000 ---p 00000000 00:00 0 
7fe93c000000-7fe93c021000 rw-p 00000000 00:00 0 
7fe93c021000-7fe940000000 ---p 00000000 00:00 0 
7fe940000000-7fe940400000 rw-p 00000000 00:00 0 
7fe940400000-7fe940780000 rw-p 00000000 00:00 0 
7fe940780000-7fe940800000 rw-p 00000000 00:00 0 
7fe940800000-7fe940d00000 rw-p 00000000 00:00 0 
7fe940d00000-7fe940e00000 rw-p 00000000 00:00 0 
7fe940e00000-7fe9416a0000 rw-p 00000000 00:00 0 
7fe9416a0000-7fe9416c0000 rw-p 00000000 00:00 0 
7fe9416c0000-7fe941700000 rw-p 00000000 00:00 0 
7fe941700000-7fe941900000 rw-p 00000000 00:00 0 
7fe941900000-7fe9419f0000 rw-p 00000000 00:00 0 
7fe9419f0000-7fe941a00000 ---p 00000000 00:00 0 
7fe941a00000-7fe9421c0000 rw-p 00000000 00:00 0 
7fe9421c0000-7fe944000000 ---p 00000000 00:00 0 
7fe944000000-7fe944021000 rw-p 00000000 00:00 0 
7fe944021000-7fe948000000 ---p 00000000 00:00 0 
7fe9480e4000-7fe9480e8000 ---p 00000000 00:00 0 
7fe9480e8000-7fe9481e5000 rw-p 00000000 00:00 0 
7fe9481e5000-7fe9481e9000 ---p 00000000 00:00 0 
7fe9481e9000-7fe9482e6000 rw-p 00000000 00:00 0 
7fe9482e6000-7fe9482ea000 ---p 00000000 00:00 0 
7fe9482ea000-7fe9483e7000 rw-p 00000000 00:00 0 
7fe9483e7000-7fe9483eb000 ---p 00000000 00:00 0 
7fe9483eb000-7fe9484e8000 rw-p 00000000 00:00 0 
7fe9484e8000-7fe9484ec000 ---p 00000000 00:00 0 
7fe9484ec000-7fe9485e9000 rw-p 00000000 00:00 0 
7fe9485e9000-7fe9485ed000 ---p 00000000 00:00 0 
7fe9485ed000-7fe9486ea000 rw-p 00000000 00:00 0 
7fe9486ea000-7fe9486eb000 ---p 00000000 00:00 0 
7fe9486eb000-7fe9487ec000 rw-p 00000000 00:00 0 
7fe9487ec000-7fe9487ed000 ---p 00000000 00:00 0 
7fe9487ed000-7fe9488ee000 rw-p 00000000 00:00 0 
7fe9488ee000-7fe9488ef000 ---p 00000000 00:00 0 
7fe9488ef000-7fe9489f0000 rw-p 00000000 00:00 0 
7fe9489f0000-7fe9489f1000 ---p 00000000 00:00 0 
7fe9489f1000-7fe948af2000 rw-p 00000000 00:00 0 
7fe948af2000-7fe948af3000 ---p 00000000 00:00 0 
7fe948af3000-7fe948bf4000 rw-p 00000000 00:00 0 
7fe948bf4000-7fe948bf5000 ---p 00000000 00:00 0 
7fe948bf5000-7fe948cf6000 rw-p 00000000 00:00 0 
7fe948cf6000-7fe948cf7000 ---p 00000000 00:00 0 
7fe948cf7000-7fe948df8000 rw-p 00000000 00:00 0 
7fe948df8000-7fe948df9000 ---p 00000000 00:00 0 
7fe948df9000-7fe948efa000 rw-p 00000000 00:00 0 
7fe948efa000-7fe948efb000 ---p 00000000 00:00 0 
7fe948efb000-7fe948ffc000 rw-p 00000000 00:00 0 
7fe948ffc000-7fe949000000 ---p 00000000 00:00 0 
7fe949000000-7fe9490fd000 rw-p 00000000 00:00 0 
7fe9490fd000-7fe949150000 r-xp 00000000 103:02 18491309                  /home/robert/.gradle/native/0d407fdbe67a94daf76414ababcb853783967236a71b16ec16e742cd7a986fd3/linux-amd64/libnative-platform-file-events.so
7fe949150000-7fe94934f000 ---p 00053000 103:02 18491309                  /home/robert/.gradle/native/0d407fdbe67a94daf76414ababcb853783967236a71b16ec16e742cd7a986fd3/linux-amd64/libnative-platform-file-events.so
7fe94934f000-7fe949350000 r--p 00052000 103:02 18491309                  /home/robert/.gradle/native/0d407fdbe67a94daf76414ababcb853783967236a71b16ec16e742cd7a986fd3/linux-amd64/libnative-platform-file-events.so
7fe949350000-7fe949352000 rw-p 00053000 103:02 18491309                  /home/robert/.gradle/native/0d407fdbe67a94daf76414ababcb853783967236a71b16ec16e742cd7a986fd3/linux-amd64/libnative-platform-file-events.so
7fe949352000-7fe949357000 r-xp 00000000 103:02 18491296                  /home/robert/.gradle/native/e1d6ef7f7dcc3fd88c89a11ec53ec762bb8ba0a96d01ffa2cd45eb1d1d8dd5c5/linux-amd64/libnative-platform.so
7fe949357000-7fe949557000 ---p 00005000 103:02 18491296                  /home/robert/.gradle/native/e1d6ef7f7dcc3fd88c89a11ec53ec762bb8ba0a96d01ffa2cd45eb1d1d8dd5c5/linux-amd64/libnative-platform.so
7fe949557000-7fe949558000 r--p 00005000 103:02 18491296                  /home/robert/.gradle/native/e1d6ef7f7dcc3fd88c89a11ec53ec762bb8ba0a96d01ffa2cd45eb1d1d8dd5c5/linux-amd64/libnative-platform.so
7fe949558000-7fe949559000 rw-p 00006000 103:02 18491296                  /home/robert/.gradle/native/e1d6ef7f7dcc3fd88c89a11ec53ec762bb8ba0a96d01ffa2cd45eb1d1d8dd5c5/linux-amd64/libnative-platform.so
7fe949559000-7fe94955d000 ---p 00000000 00:00 0 
7fe94955d000-7fe94968b000 rw-p 00000000 00:00 0 
7fe94968b000-7fe94968c000 ---p 00000000 00:00 0 
7fe94968c000-7fe94978d000 rw-p 00000000 00:00 0 
7fe94978d000-7fe949791000 ---p 00000000 00:00 0 
7fe949791000-7fe94988e000 rw-p 00000000 00:00 0 
7fe94988e000-7fe949892000 ---p 00000000 00:00 0 
7fe949892000-7fe94998f000 rw-p 00000000 00:00 0 
7fe94998f000-7fe949993000 ---p 00000000 00:00 0 
7fe949993000-7fe949a90000 rw-p 00000000 00:00 0 
7fe949a90000-7fe94a000000 r--p 00000000 103:02 2753180                   /usr/lib/locale/locale-archive
7fe94a000000-7fe94c000000 rw-p 00000000 00:00 0 
7fe94c000000-7fe94c021000 rw-p 00000000 00:00 0 
7fe94c021000-7fe950000000 ---p 00000000 00:00 0 
7fe950000000-7fe950021000 rw-p 00000000 00:00 0 
7fe950021000-7fe954000000 ---p 00000000 00:00 0 
7fe954000000-7fe954021000 rw-p 00000000 00:00 0 
7fe954021000-7fe958000000 ---p 00000000 00:00 0 
7fe95800b000-7fe958012000 r--s 00000000 103:02 3410883                   /usr/lib/x86_64-linux-gnu/gconv/gconv-modules.cache
7fe958012000-7fe958014000 r--p 00000000 103:02 7869314                   /usr/lib/jvm/java-17-openjdk-amd64/lib/libmanagement_ext.so
7fe958014000-7fe958017000 r-xp 00002000 103:02 7869314                   /usr/lib/jvm/java-17-openjdk-amd64/lib/libmanagement_ext.so
7fe958017000-7fe958019000 r--p 00005000 103:02 7869314                   /usr/lib/jvm/java-17-openjdk-amd64/lib/libmanagement_ext.so
7fe958019000-7fe95801a000 r--p 00006000 103:02 7869314                   /usr/lib/jvm/java-17-openjdk-amd64/lib/libmanagement_ext.so
7fe95801a000-7fe95801b000 rw-p 00007000 103:02 7869314                   /usr/lib/jvm/java-17-openjdk-amd64/lib/libmanagement_ext.so
7fe95801b000-7fe95801f000 r--p 00000000 103:02 7869323                   /usr/lib/jvm/java-17-openjdk-amd64/lib/libverify.so
7fe95801f000-7fe958026000 r-xp 00004000 103:02 7869323                   /usr/lib/jvm/java-17-openjdk-amd64/lib/libverify.so
7fe958026000-7fe958028000 r--p 0000b000 103:02 7869323                   /usr/lib/jvm/java-17-openjdk-amd64/lib/libverify.so
7fe958028000-7fe958029000 ---p 0000d000 103:02 7869323                   /usr/lib/jvm/java-17-openjdk-amd64/lib/libverify.so
7fe958029000-7fe95802b000 r--p 0000d000 103:02 7869323                   /usr/lib/jvm/java-17-openjdk-amd64/lib/libverify.so
7fe95802b000-7fe95802c000 rw-p 0000f000 103:02 7869323                   /usr/lib/jvm/java-17-openjdk-amd64/lib/libverify.so
7fe95802c000-7fe958030000 r--p 00000000 103:02 7869316                   /usr/lib/jvm/java-17-openjdk-amd64/lib/libnet.so
7fe958030000-7fe95803e000 r-xp 00004000 103:02 7869316                   /usr/lib/jvm/java-17-openjdk-amd64/lib/libnet.so
7fe95803e000-7fe958042000 r--p 00012000 103:02 7869316                   /usr/lib/jvm/java-17-openjdk-amd64/lib/libnet.so
7fe958042000-7fe958043000 r--p 00015000 103:02 7869316                   /usr/lib/jvm/java-17-openjdk-amd64/lib/libnet.so
7fe958043000-7fe958044000 rw-p 00016000 103:02 7869316                   /usr/lib/jvm/java-17-openjdk-amd64/lib/libnet.so
7fe958044000-7fe958048000 ---p 00000000 00:00 0 
7fe958048000-7fe958145000 rw-p 00000000 00:00 0 
7fe958145000-7fe958149000 ---p 00000000 00:00 0 
7fe958149000-7fe958246000 rw-p 00000000 00:00 0 
7fe958246000-7fe95824a000 ---p 00000000 00:00 0 
7fe95824a000-7fe958347000 rw-p 00000000 00:00 0 
7fe958347000-7fe95834b000 ---p 00000000 00:00 0 
7fe95834b000-7fe958448000 rw-p 00000000 00:00 0 
7fe958448000-7fe95844c000 ---p 00000000 00:00 0 
7fe95844c000-7fe958549000 rw-p 00000000 00:00 0 
7fe958549000-7fe95854d000 ---p 00000000 00:00 0 
7fe95854d000-7fe95864a000 rw-p 00000000 00:00 0 
7fe95864a000-7fe95864e000 ---p 00000000 00:00 0 
7fe95864e000-7fe95874b000 rw-p 00000000 00:00 0 
7fe95874b000-7fe95874c000 ---p 00000000 00:00 0 
7fe95874c000-7fe95884d000 rw-p 00000000 00:00 0 
7fe95884d000-7fe958852000 r--p 00000000 103:02 7869310                   /usr/lib/jvm/java-17-openjdk-amd64/lib/libjsvml.so
7fe958852000-7fe958893000 r-xp 00005000 103:02 7869310                   /usr/lib/jvm/java-17-openjdk-amd64/lib/libjsvml.so
7fe958893000-7fe95891c000 r--p 00046000 103:02 7869310                   /usr/lib/jvm/java-17-openjdk-amd64/lib/libjsvml.so
7fe95891c000-7fe95891d000 r--p 000ce000 103:02 7869310                   /usr/lib/jvm/java-17-openjdk-amd64/lib/libjsvml.so
7fe95891d000-7fe95891e000 rw-p 000cf000 103:02 7869310                   /usr/lib/jvm/java-17-openjdk-amd64/lib/libjsvml.so
7fe95891e000-7fe958a3b000 rw-p 00000000 00:00 0 
7fe958a3b000-7fe958a3c000 ---p 00000000 00:00 0 
7fe958a3c000-7fe958b3d000 rw-p 00000000 00:00 0 
7fe958b3d000-7fe958b3e000 ---p 00000000 00:00 0 
7fe958b3e000-7fe959649000 rw-p 00000000 00:00 0 
7fe959649000-7fe95964a000 ---p 00000000 00:00 0 
7fe95964a000-7fe95974b000 rw-p 00000000 00:00 0 
7fe95974b000-7fe95974c000 ---p 00000000 00:00 0 
7fe95974c000-7fe95984d000 rw-p 00000000 00:00 0 
7fe95984d000-7fe95984e000 ---p 00000000 00:00 0 
7fe95984e000-7fe959c6b000 rw-p 00000000 00:00 0 
7fe959c6b000-7fe959f63000 ---p 00000000 00:00 0 
7fe959f63000-7fe959f9b000 rw-p 00000000 00:00 0 
7fe959f9b000-7fe95a15b000 ---p 00000000 00:00 0 
7fe95a15b000-7fe95a163000 rw-p 00000000 00:00 0 
7fe95a163000-7fe95c9a3000 ---p 00000000 00:00 0 
7fe95c9a3000-7fe95cc6b000 rw-p 00000000 00:00 0 
7fe95cc6b000-7fe95cf63000 ---p 00000000 00:00 0 
7fe95cf63000-7fe95cf9b000 rw-p 00000000 00:00 0 
7fe95cf9b000-7fe95d15b000 ---p 00000000 00:00 0 
7fe95d15b000-7fe95d163000 rw-p 00000000 00:00 0 
7fe95d163000-7fe95f9a3000 ---p 00000000 00:00 0 
7fe95f9a3000-7fe95fa0a000 rw-p 00000000 00:00 0 
7fe95fa0a000-7fe95fa69000 ---p 00000000 00:00 0 
7fe95fa69000-7fe95fa70000 rw-p 00000000 00:00 0 
7fe95fa70000-7fe95faa8000 ---p 00000000 00:00 0 
7fe95faa8000-7fe95faa9000 rw-p 00000000 00:00 0 
7fe95faa9000-7fe95ffb1000 ---p 00000000 00:00 0 
7fe95ffb1000-7fe96000a000 rw-p 00000000 00:00 0 
7fe96000a000-7fe960069000 ---p 00000000 00:00 0 
7fe960069000-7fe960070000 rw-p 00000000 00:00 0 
7fe960070000-7fe9600a8000 ---p 00000000 00:00 0 
7fe9600a8000-7fe9600a9000 rw-p 00000000 00:00 0 
7fe9600a9000-7fe9605b1000 ---p 00000000 00:00 0 
7fe9605b1000-7fe96060a000 rw-p 00000000 00:00 0 
7fe96060a000-7fe960669000 ---p 00000000 00:00 0 
7fe960669000-7fe960670000 rw-p 00000000 00:00 0 
7fe960670000-7fe9606a8000 ---p 00000000 00:00 0 
7fe9606a8000-7fe9606a9000 rw-p 00000000 00:00 0 
7fe9606a9000-7fe960bb1000 ---p 00000000 00:00 0 
7fe960bb1000-7fe9615bd000 rw-p 00000000 00:00 0 
7fe9615bd000-7fe961efd000 rwxp 00000000 00:00 0 
7fe961efd000-7fe968af4000 ---p 00000000 00:00 0 
7fe968af4000-7fe968d64000 rwxp 00000000 00:00 0 
7fe968d64000-7fe969086000 ---p 00000000 00:00 0 
7fe969086000-7fe969366000 rwxp 00000000 00:00 0 
7fe969366000-7fe9705bd000 ---p 00000000 00:00 0 
7fe9705bd000-7fe978000000 r--s 00000000 103:02 7869325                   /usr/lib/jvm/java-17-openjdk-amd64/lib/modules
7fe978000000-7fe9792ed000 rw-p 00000000 00:00 0 
7fe9792ed000-7fe97c000000 ---p 00000000 00:00 0 
7fe97c002000-7fe97c008000 r--p 00000000 103:02 7869317                   /usr/lib/jvm/java-17-openjdk-amd64/lib/libnio.so
7fe97c008000-7fe97c011000 r-xp 00006000 103:02 7869317                   /usr/lib/jvm/java-17-openjdk-amd64/lib/libnio.so
7fe97c011000-7fe97c015000 r--p 0000f000 103:02 7869317                   /usr/lib/jvm/java-17-openjdk-amd64/lib/libnio.so
7fe97c015000-7fe97c016000 ---p 00013000 103:02 7869317                   /usr/lib/jvm/java-17-openjdk-amd64/lib/libnio.so
7fe97c016000-7fe97c017000 r--p 00013000 103:02 7869317                   /usr/lib/jvm/java-17-openjdk-amd64/lib/libnio.so
7fe97c017000-7fe97c018000 rw-p 00014000 103:02 7869317                   /usr/lib/jvm/java-17-openjdk-amd64/lib/libnio.so
7fe97c018000-7fe97c01e000 rw-p 00000000 00:00 0 
7fe97c01e000-7fe97c103000 ---p 00000000 00:00 0 
7fe97c103000-7fe97c116000 rw-p 00000000 00:00 0 
7fe97c116000-7fe97c1ee000 ---p 00000000 00:00 0 
7fe97c1ee000-7fe97c1fa000 r--p 00000000 103:02 7869301                   /usr/lib/jvm/java-17-openjdk-amd64/lib/libjava.so
7fe97c1fa000-7fe97c20d000 r-xp 0000c000 103:02 7869301                   /usr/lib/jvm/java-17-openjdk-amd64/lib/libjava.so
7fe97c20d000-7fe97c213000 r--p 0001f000 103:02 7869301                   /usr/lib/jvm/java-17-openjdk-amd64/lib/libjava.so
7fe97c213000-7fe97c214000 ---p 00025000 103:02 7869301                   /usr/lib/jvm/java-17-openjdk-amd64/lib/libjava.so
7fe97c214000-7fe97c215000 r--p 00025000 103:02 7869301                   /usr/lib/jvm/java-17-openjdk-amd64/lib/libjava.so
7fe97c215000-7fe97c216000 rw-p 00026000 103:02 7869301                   /usr/lib/jvm/java-17-openjdk-amd64/lib/libjava.so
7fe97c216000-7fe97c217000 rw-p 00000000 00:00 0 
7fe97c217000-7fe97c21a000 r--p 00000000 103:02 2762875                   /usr/lib/x86_64-linux-gnu/libnss_files-2.31.so
7fe97c21a000-7fe97c221000 r-xp 00003000 103:02 2762875                   /usr/lib/x86_64-linux-gnu/libnss_files-2.31.so
7fe97c221000-7fe97c223000 r--p 0000a000 103:02 2762875                   /usr/lib/x86_64-linux-gnu/libnss_files-2.31.so
7fe97c223000-7fe97c224000 r--p 0000b000 103:02 2762875                   /usr/lib/x86_64-linux-gnu/libnss_files-2.31.so
7fe97c224000-7fe97c225000 rw-p 0000c000 103:02 2762875                   /usr/lib/x86_64-linux-gnu/libnss_files-2.31.so
7fe97c225000-7fe97c22b000 rw-p 00000000 00:00 0 
7fe97c22c000-7fe97c22d000 r--p 00000000 103:02 7869294                   /usr/lib/jvm/java-17-openjdk-amd64/lib/libextnet.so
7fe97c22d000-7fe97c22e000 r-xp 00001000 103:02 7869294                   /usr/lib/jvm/java-17-openjdk-amd64/lib/libextnet.so
7fe97c22e000-7fe97c22f000 r--p 00002000 103:02 7869294                   /usr/lib/jvm/java-17-openjdk-amd64/lib/libextnet.so
7fe97c22f000-7fe97c230000 r--p 00002000 103:02 7869294                   /usr/lib/jvm/java-17-openjdk-amd64/lib/libextnet.so
7fe97c230000-7fe97c231000 rw-p 00003000 103:02 7869294                   /usr/lib/jvm/java-17-openjdk-amd64/lib/libextnet.so
7fe97c231000-7fe97c233000 r--p 00000000 103:02 7869324                   /usr/lib/jvm/java-17-openjdk-amd64/lib/libzip.so
7fe97c233000-7fe97c238000 r-xp 00002000 103:02 7869324                   /usr/lib/jvm/java-17-openjdk-amd64/lib/libzip.so
7fe97c238000-7fe97c23a000 r--p 00007000 103:02 7869324                   /usr/lib/jvm/java-17-openjdk-amd64/lib/libzip.so
7fe97c23a000-7fe97c23b000 r--p 00008000 103:02 7869324                   /usr/lib/jvm/java-17-openjdk-amd64/lib/libzip.so
7fe97c23b000-7fe97c23c000 rw-p 00009000 103:02 7869324                   /usr/lib/jvm/java-17-openjdk-amd64/lib/libzip.so
7fe97c23c000-7fe97c241000 rw-p 00000000 00:00 0 
7fe97c241000-7fe97c248000 ---p 00000000 00:00 0 
7fe97c248000-7fe97c24c000 ---p 00000000 00:00 0 
7fe97c24c000-7fe97c349000 rw-p 00000000 00:00 0 
7fe97c349000-7fe97c34c000 r--p 00000000 103:02 2759119                   /usr/lib/x86_64-linux-gnu/libgcc_s.so.1
7fe97c34c000-7fe97c35e000 r-xp 00003000 103:02 2759119                   /usr/lib/x86_64-linux-gnu/libgcc_s.so.1
7fe97c35e000-7fe97c362000 r--p 00015000 103:02 2759119                   /usr/lib/x86_64-linux-gnu/libgcc_s.so.1
7fe97c362000-7fe97c363000 r--p 00018000 103:02 2759119                   /usr/lib/x86_64-linux-gnu/libgcc_s.so.1
7fe97c363000-7fe97c364000 rw-p 00019000 103:02 2759119                   /usr/lib/x86_64-linux-gnu/libgcc_s.so.1
7fe97c364000-7fe97c371000 r--p 00000000 103:02 2762863                   /usr/lib/x86_64-linux-gnu/libm-2.31.so
7fe97c371000-7fe97c418000 r-xp 0000d000 103:02 2762863                   /usr/lib/x86_64-linux-gnu/libm-2.31.so
7fe97c418000-7fe97c4b1000 r--p 000b4000 103:02 2762863                   /usr/lib/x86_64-linux-gnu/libm-2.31.so
7fe97c4b1000-7fe97c4b2000 r--p 0014c000 103:02 2762863                   /usr/lib/x86_64-linux-gnu/libm-2.31.so
7fe97c4b2000-7fe97c4b3000 rw-p 0014d000 103:02 2762863                   /usr/lib/x86_64-linux-gnu/libm-2.31.so
7fe97c4b3000-7fe97c549000 r--p 00000000 103:02 2760089                   /usr/lib/x86_64-linux-gnu/libstdc++.so.6.0.28
7fe97c549000-7fe97c63a000 r-xp 00096000 103:02 2760089                   /usr/lib/x86_64-linux-gnu/libstdc++.so.6.0.28
7fe97c63a000-7fe97c683000 r--p 00187000 103:02 2760089                   /usr/lib/x86_64-linux-gnu/libstdc++.so.6.0.28
7fe97c683000-7fe97c684000 ---p 001d0000 103:02 2760089                   /usr/lib/x86_64-linux-gnu/libstdc++.so.6.0.28
7fe97c684000-7fe97c68f000 r--p 001d0000 103:02 2760089                   /usr/lib/x86_64-linux-gnu/libstdc++.so.6.0.28
7fe97c68f000-7fe97c692000 rw-p 001db000 103:02 2760089                   /usr/lib/x86_64-linux-gnu/libstdc++.so.6.0.28
7fe97c692000-7fe97c695000 rw-p 00000000 00:00 0 
7fe97c695000-7fe97c8e5000 r--p 00000000 103:02 7869329                   /usr/lib/jvm/java-17-openjdk-amd64/lib/server/libjvm.so
7fe97c8e5000-7fe97d679000 r-xp 00250000 103:02 7869329                   /usr/lib/jvm/java-17-openjdk-amd64/lib/server/libjvm.so
7fe97d679000-7fe97d900000 r--p 00fe4000 103:02 7869329                   /usr/lib/jvm/java-17-openjdk-amd64/lib/server/libjvm.so
7fe97d900000-7fe97d901000 ---p 0126b000 103:02 7869329                   /usr/lib/jvm/java-17-openjdk-amd64/lib/server/libjvm.so
7fe97d901000-7fe97d9b9000 r--p 0126b000 103:02 7869329                   /usr/lib/jvm/java-17-openjdk-amd64/lib/server/libjvm.so
7fe97d9b9000-7fe97d9ee000 rw-p 01323000 103:02 7869329                   /usr/lib/jvm/java-17-openjdk-amd64/lib/server/libjvm.so
7fe97d9ee000-7fe97da4a000 rw-p 00000000 00:00 0 
7fe97da4a000-7fe97da50000 r--p 00000000 103:02 2762885                   /usr/lib/x86_64-linux-gnu/libpthread-2.31.so
7fe97da50000-7fe97da61000 r-xp 00006000 103:02 2762885                   /usr/lib/x86_64-linux-gnu/libpthread-2.31.so
7fe97da61000-7fe97da67000 r--p 00017000 103:02 2762885                   /usr/lib/x86_64-linux-gnu/libpthread-2.31.so
7fe97da67000-7fe97da68000 r--p 0001c000 103:02 2762885                   /usr/lib/x86_64-linux-gnu/libpthread-2.31.so
7fe97da68000-7fe97da69000 rw-p 0001d000 103:02 2762885                   /usr/lib/x86_64-linux-gnu/libpthread-2.31.so
7fe97da69000-7fe97da6d000 rw-p 00000000 00:00 0 
7fe97da6d000-7fe97da6e000 r--p 00000000 103:02 2762861                   /usr/lib/x86_64-linux-gnu/libdl-2.31.so
7fe97da6e000-7fe97da70000 r-xp 00001000 103:02 2762861                   /usr/lib/x86_64-linux-gnu/libdl-2.31.so
7fe97da70000-7fe97da71000 r--p 00003000 103:02 2762861                   /usr/lib/x86_64-linux-gnu/libdl-2.31.so
7fe97da71000-7fe97da72000 r--p 00003000 103:02 2762861                   /usr/lib/x86_64-linux-gnu/libdl-2.31.so
7fe97da72000-7fe97da73000 rw-p 00004000 103:02 2762861                   /usr/lib/x86_64-linux-gnu/libdl-2.31.so
7fe97da73000-7fe97da75000 r--p 00000000 103:02 2759306                   /usr/lib/x86_64-linux-gnu/libz.so.1.2.11
7fe97da75000-7fe97da86000 r-xp 00002000 103:02 2759306                   /usr/lib/x86_64-linux-gnu/libz.so.1.2.11
7fe97da86000-7fe97da8c000 r--p 00013000 103:02 2759306                   /usr/lib/x86_64-linux-gnu/libz.so.1.2.11
7fe97da8c000-7fe97da8d000 ---p 00019000 103:02 2759306                   /usr/lib/x86_64-linux-gnu/libz.so.1.2.11
7fe97da8d000-7fe97da8e000 r--p 00019000 103:02 2759306                   /usr/lib/x86_64-linux-gnu/libz.so.1.2.11
7fe97da8e000-7fe97da8f000 rw-p 0001a000 103:02 2759306                   /usr/lib/x86_64-linux-gnu/libz.so.1.2.11
7fe97da8f000-7fe97dab1000 r--p 00000000 103:02 2762859                   /usr/lib/x86_64-linux-gnu/libc-2.31.so
7fe97dab1000-7fe97dc29000 r-xp 00022000 103:02 2762859                   /usr/lib/x86_64-linux-gnu/libc-2.31.so
7fe97dc29000-7fe97dc77000 r--p 0019a000 103:02 2762859                   /usr/lib/x86_64-linux-gnu/libc-2.31.so
7fe97dc77000-7fe97dc7b000 r--p 001e7000 103:02 2762859                   /usr/lib/x86_64-linux-gnu/libc-2.31.so
7fe97dc7b000-7fe97dc7d000 rw-p 001eb000 103:02 2762859                   /usr/lib/x86_64-linux-gnu/libc-2.31.so
7fe97dc7d000-7fe97dc81000 rw-p 00000000 00:00 0 
7fe97dc85000-7fe97dc87000 r--p 00000000 103:02 7869312                   /usr/lib/jvm/java-17-openjdk-amd64/lib/libmanagement.so
7fe97dc87000-7fe97dc88000 r-xp 00002000 103:02 7869312                   /usr/lib/jvm/java-17-openjdk-amd64/lib/libmanagement.so
7fe97dc88000-7fe97dc89000 r--p 00003000 103:02 7869312                   /usr/lib/jvm/java-17-openjdk-amd64/lib/libmanagement.so
7fe97dc89000-7fe97dc8a000 r--p 00003000 103:02 7869312                   /usr/lib/jvm/java-17-openjdk-amd64/lib/libmanagement.so
7fe97dc8a000-7fe97dc8b000 rw-p 00004000 103:02 7869312                   /usr/lib/jvm/java-17-openjdk-amd64/lib/libmanagement.so
7fe97dc8b000-7fe97dc93000 rw-s 00000000 103:02 4598694                   /tmp/hsperfdata_robert/1426111
7fe97dc93000-7fe97dc94000 ---p 00000000 00:00 0 
7fe97dc94000-7fe97dc95000 r--p 00000000 00:00 0 
7fe97dc95000-7fe97dc97000 r--p 00000000 103:02 7869304                   /usr/lib/jvm/java-17-openjdk-amd64/lib/libjimage.so
7fe97dc97000-7fe97dc9a000 r-xp 00002000 103:02 7869304                   /usr/lib/jvm/java-17-openjdk-amd64/lib/libjimage.so
7fe97dc9a000-7fe97dc9b000 r--p 00005000 103:02 7869304                   /usr/lib/jvm/java-17-openjdk-amd64/lib/libjimage.so
7fe97dc9b000-7fe97dc9c000 ---p 00006000 103:02 7869304                   /usr/lib/jvm/java-17-openjdk-amd64/lib/libjimage.so
7fe97dc9c000-7fe97dc9d000 r--p 00006000 103:02 7869304                   /usr/lib/jvm/java-17-openjdk-amd64/lib/libjimage.so
7fe97dc9d000-7fe97dc9e000 rw-p 00007000 103:02 7869304                   /usr/lib/jvm/java-17-openjdk-amd64/lib/libjimage.so
7fe97dc9e000-7fe97dca0000 r--p 00000000 103:02 7869305                   /usr/lib/jvm/java-17-openjdk-amd64/lib/libjli.so
7fe97dca0000-7fe97dcaa000 r-xp 00002000 103:02 7869305                   /usr/lib/jvm/java-17-openjdk-amd64/lib/libjli.so
7fe97dcaa000-7fe97dcad000 r--p 0000c000 103:02 7869305                   /usr/lib/jvm/java-17-openjdk-amd64/lib/libjli.so
7fe97dcad000-7fe97dcae000 ---p 0000f000 103:02 7869305                   /usr/lib/jvm/java-17-openjdk-amd64/lib/libjli.so
7fe97dcae000-7fe97dcaf000 r--p 0000f000 103:02 7869305                   /usr/lib/jvm/java-17-openjdk-amd64/lib/libjli.so
7fe97dcaf000-7fe97dcb0000 rw-p 00010000 103:02 7869305                   /usr/lib/jvm/java-17-openjdk-amd64/lib/libjli.so
7fe97dcb0000-7fe97dcb2000 rw-p 00000000 00:00 0 
7fe97dcb2000-7fe97dcb3000 r--p 00000000 103:02 2759345                   /usr/lib/x86_64-linux-gnu/ld-2.31.so
7fe97dcb3000-7fe97dcd6000 r-xp 00001000 103:02 2759345                   /usr/lib/x86_64-linux-gnu/ld-2.31.so
7fe97dcd6000-7fe97dcde000 r--p 00024000 103:02 2759345                   /usr/lib/x86_64-linux-gnu/ld-2.31.so
7fe97dcde000-7fe97dcdf000 ---p 00000000 00:00 0 
7fe97dcdf000-7fe97dce0000 r--p 0002c000 103:02 2759345                   /usr/lib/x86_64-linux-gnu/ld-2.31.so
7fe97dce0000-7fe97dce1000 rw-p 0002d000 103:02 2759345                   /usr/lib/x86_64-linux-gnu/ld-2.31.so
7fe97dce1000-7fe97dce2000 rw-p 00000000 00:00 0 
7ffd4f9f0000-7ffd4fa11000 rw-p 00000000 00:00 0                          [stack]
7ffd4fb8f000-7ffd4fb93000 r--p 00000000 00:00 0                          [vvar]
7ffd4fb93000-7ffd4fb95000 r-xp 00000000 00:00 0                          [vdso]
ffffffffff600000-ffffffffff601000 --xp 00000000 00:00 0                  [vsyscall]


VM Arguments:
jvm_args: --add-opens=java.base/java.util=ALL-UNNAMED --add-opens=java.base/java.lang=ALL-UNNAMED --add-opens=java.base/java.lang.invoke=ALL-UNNAMED --add-opens=java.base/java.util=ALL-UNNAMED --add-opens=java.prefs/java.util.prefs=ALL-UNNAMED --add-opens=java.prefs/java.util.prefs=ALL-UNNAMED --add-opens=java.base/java.nio.charset=ALL-UNNAMED --add-opens=java.base/java.net=ALL-UNNAMED --add-opens=java.base/java.util.concurrent.atomic=ALL-UNNAMED -Xmx3G -Dfile.encoding=UTF-8 -Duser.country=US -Duser.language=en -Duser.variant 
java_command: org.gradle.launcher.daemon.bootstrap.GradleDaemon 7.5.1
java_class_path (initial): /home/robert/.gradle/wrapper/dists/gradle-7.5.1-bin/7jzzequgds1hbszbhq3npc5ng/gradle-7.5.1/lib/gradle-launcher-7.5.1.jar
Launcher Type: SUN_STANDARD

[Global flags]
     intx CICompilerCount                          = 4                                         {product} {ergonomic}
     uint ConcGCThreads                            = 3                                         {product} {ergonomic}
     uint G1ConcRefinementThreads                  = 10                                        {product} {ergonomic}
   size_t G1HeapRegionSize                         = 2097152                                   {product} {ergonomic}
    uintx GCDrainStackTargetSize                   = 64                                        {product} {ergonomic}
   size_t InitialHeapSize                          = 515899392                                 {product} {ergonomic}
   size_t MarkStackSize                            = 4194304                                   {product} {ergonomic}
   size_t MaxHeapSize                              = 3221225472                                {product} {command line}
   size_t MaxNewSize                               = 1931476992                                {product} {ergonomic}
   size_t MinHeapDeltaBytes                        = 2097152                                   {product} {ergonomic}
   size_t MinHeapSize                              = 8388608                                   {product} {ergonomic}
    uintx NonNMethodCodeHeapSize                   = 5839372                                {pd product} {ergonomic}
    uintx NonProfiledCodeHeapSize                  = 122909434                              {pd product} {ergonomic}
    uintx ProfiledCodeHeapSize                     = 122909434                              {pd product} {ergonomic}
    uintx ReservedCodeCacheSize                    = 251658240                              {pd product} {ergonomic}
     bool SegmentedCodeCache                       = true                                      {product} {ergonomic}
   size_t SoftMaxHeapSize                          = 3221225472                             {manageable} {ergonomic}
     bool UseCompressedClassPointers               = true                           {product lp64_product} {ergonomic}
     bool UseCompressedOops                        = true                           {product lp64_product} {ergonomic}
     bool UseG1GC                                  = true                                      {product} {ergonomic}

Logging:
Log output configuration:
 #0: stdout all=warning uptime,level,tags
 #1: stderr all=off uptime,level,tags

Environment Variables:
JAVA_HOME=/usr/lib/jvm/java-17-openjdk-amd64
PATH=/usr/local/sbin:/usr/local/bin:/usr/sbin:/usr/bin:/sbin:/bin:/usr/games:/usr/local/games:/snap/bin:/snap/bin:/home/robert/.dotnet/tools:/usr/lib/jvm/java-17-openjdk-amd64/bin
USERNAME=robert
SHELL=/bin/bash
DISPLAY=:0
LANG=en_US.UTF-8

Active Locale:
LC_ALL=en_US.UTF-8
LC_COLLATE=en_US.UTF-8
LC_CTYPE=en_US.UTF-8
LC_MESSAGES=en_US.UTF-8
LC_MONETARY=en_US.UTF-8
LC_NUMERIC=en_US.UTF-8
LC_TIME=en_US.UTF-8

Signal Handlers:
   SIGSEGV: crash_handler in libjvm.so, mask=11100100010111111101111111111110, flags=SA_RESTART|SA_SIGINFO, unblocked
    SIGBUS: crash_handler in libjvm.so, mask=11100100010111111101111111111110, flags=SA_RESTART|SA_SIGINFO, unblocked
    SIGFPE: crash_handler in libjvm.so, mask=11100100010111111101111111111110, flags=SA_RESTART|SA_SIGINFO, unblocked
   SIGPIPE: javaSignalHandler in libjvm.so, mask=11100100010111111101111111111110, flags=SA_RESTART|SA_SIGINFO, blocked
   SIGXFSZ: javaSignalHandler in libjvm.so, mask=11100100010111111101111111111110, flags=SA_RESTART|SA_SIGINFO, blocked
    SIGILL: crash_handler in libjvm.so, mask=11100100010111111101111111111110, flags=SA_RESTART|SA_SIGINFO, unblocked
   SIGUSR2: SR_handler in libjvm.so, mask=00100000000000000000000000000000, flags=SA_RESTART|SA_SIGINFO, blocked
    SIGHUP: UserHandler in libjvm.so, mask=11100100010111111101111111111110, flags=SA_RESTART|SA_SIGINFO, blocked
    SIGINT: UserHandler in libjvm.so, mask=11100100010111111101111111111110, flags=SA_RESTART|SA_SIGINFO, blocked
   SIGTERM: UserHandler in libjvm.so, mask=11100100010111111101111111111110, flags=SA_RESTART|SA_SIGINFO, blocked
   SIGQUIT: UserHandler in libjvm.so, mask=11100100010111111101111111111110, flags=SA_RESTART|SA_SIGINFO, blocked
   SIGTRAP: crash_handler in libjvm.so, mask=11100100010111111101111111111110, flags=SA_RESTART|SA_SIGINFO, unblocked


---------------  S Y S T E M  ---------------

OS:
DISTRIB_ID=Zorin
DISTRIB_RELEASE=16
DISTRIB_CODENAME=focal
DISTRIB_DESCRIPTION="Zorin OS 16.2"
uname: Linux 5.15.0-71-generic #78~20.04.1-Ubuntu SMP Wed Apr 19 11:26:48 UTC 2023 x86_64
OS uptime: 7 days 22:41 hours
libc: glibc 2.31 NPTL 2.31 
rlimit (soft/hard): STACK 8192k/infinity , CORE 0k/infinity , NPROC 125052/125052 , NOFILE 1048576/1048576 , AS infinity/infinity , CPU infinity/infinity , DATA infinity/infinity , FSIZE infinity/infinity , MEMLOCK 65536k/65536k
load average: 2.10 2.07 1.40

/proc/meminfo:
MemTotal:       32141708 kB
MemFree:         6144616 kB
MemAvailable:   18036988 kB
Buffers:          346932 kB
Cached:         12423928 kB
SwapCached:         3608 kB
Active:          8198920 kB
Inactive:       13494496 kB
Active(anon):     144880 kB
Inactive(anon):  9892800 kB
Active(file):    8054040 kB
Inactive(file):  3601696 kB
Unevictable:         112 kB
Mlocked:             112 kB
SwapTotal:       2097148 kB
SwapFree:        1987068 kB
Dirty:            909596 kB
Writeback:             0 kB
AnonPages:       8920668 kB
Mapped:          2857824 kB
Shmem:           1119732 kB
KReclaimable:     697928 kB
Slab:             987164 kB
SReclaimable:     697928 kB
SUnreclaim:       289236 kB
KernelStack:       27344 kB
PageTables:        78540 kB
NFS_Unstable:          0 kB
Bounce:                0 kB
WritebackTmp:          0 kB
CommitLimit:    18168000 kB
Committed_AS:   20723688 kB
VmallocTotal:   34359738367 kB
VmallocUsed:       77308 kB
VmallocChunk:          0 kB
Percpu:            35456 kB
HardwareCorrupted:     0 kB
AnonHugePages:         0 kB
ShmemHugePages:        0 kB
ShmemPmdMapped:        0 kB
FileHugePages:         0 kB
FilePmdMapped:         0 kB
HugePages_Total:       0
HugePages_Free:        0
HugePages_Rsvd:        0
HugePages_Surp:        0
Hugepagesize:       2048 kB
Hugetlb:               0 kB
DirectMap4k:     7944612 kB
DirectMap2M:    24872960 kB
DirectMap1G:           0 kB

/sys/kernel/mm/transparent_hugepage/enabled: always [madvise] never
/sys/kernel/mm/transparent_hugepage/defrag (defrag/compaction efforts parameter): always defer defer+madvise [madvise] never

Process Memory:
Virtual Size: 9255012K (peak: 9255012K)
Resident Set Size: 412256K (peak: 412256K) (anon: 382256K, file: 30000K, shmem: 0K)
Swapped out: 0K
C-Heap outstanding allocations: 109604K, retained: 56747K
glibc malloc tunables: (default)

/proc/sys/kernel/threads-max (system-wide limit on the number of threads): 250104
/proc/sys/vm/max_map_count (maximum number of memory map areas a process may have): 65530
/proc/sys/kernel/pid_max (system-wide limit on number of process identifiers): 4194304

container (cgroup) information:
container_type: cgroupv1
cpu_cpuset_cpus: 0-11
cpu_memory_nodes: 0
active_processor_count: 12
cpu_quota: no quota
cpu_period: 100000
cpu_shares: no shares
memory_limit_in_bytes: unlimited
memory_and_swap_limit_in_bytes: unlimited
memory_soft_limit_in_bytes: unlimited
memory_usage_in_bytes: 17476240 k
memory_max_usage_in_bytes: 28517584 k
kernel_memory_usage_in_bytes: 425404 k
kernel_memory_max_usage_in_bytes: unlimited
kernel_memory_limit_in_bytes: 984244 k
maximum number of tasks: unlimited
current number of tasks: 1336

Steal ticks since vm start: 0
Steal ticks percentage since vm start:  0.000

CPU: total 12 (initial active 12) (12 cores per cpu, 2 threads per core) family 25 model 80 stepping 0 microcode 0xa50000b, cx8, cmov, fxsr, ht, mmx, 3dnowpref, sse, sse2, sse3, ssse3, sse4a, sse4.1, sse4.2, popcnt, lzcnt, tsc, tscinvbit, avx, avx2, aes, erms, clmul, bmi1, bmi2, adx, sha, fma, vzeroupper, clflush, clflushopt
CPU Model and flags from /proc/cpuinfo:
model name	: AMD Ryzen 5 5600G with Radeon Graphics
flags		: fpu vme de pse tsc msr pae mce cx8 apic sep mtrr pge mca cmov pat pse36 clflush mmx fxsr sse sse2 ht syscall nx mmxext fxsr_opt pdpe1gb rdtscp lm constant_tsc rep_good nopl nonstop_tsc cpuid extd_apicid aperfmperf rapl pni pclmulqdq monitor ssse3 fma cx16 sse4_1 sse4_2 movbe popcnt aes xsave avx f16c rdrand lahf_lm cmp_legacy svm extapic cr8_legacy abm sse4a misalignsse 3dnowprefetch osvw ibs skinit wdt tce topoext perfctr_core perfctr_nb bpext perfctr_llc mwaitx cpb cat_l3 cdp_l3 hw_pstate ssbd mba ibrs ibpb stibp vmmcall fsgsbase bmi1 avx2 smep bmi2 erms invpcid cqm rdt_a rdseed adx smap clflushopt clwb sha_ni xsaveopt xsavec xgetbv1 xsaves cqm_llc cqm_occup_llc cqm_mbm_total cqm_mbm_local clzero irperf xsaveerptr rdpru wbnoinvd cppc arat npt lbrv svm_lock nrip_save tsc_scale vmcb_clean flushbyasid decodeassists pausefilter pfthreshold avic v_vmsave_vmload vgif v_spec_ctrl umip pku ospke vaes vpclmulqdq rdpid overflow_recov succor smca fsrm

Online cpus: 0-11
Offline cpus: 12-31
BIOS frequency limitation: 3900000
Frequency switch latency (ns): 0
Available cpu frequencies: 3900000 1700000 1400000 
Current governor: ondemand
Core performance/turbo boost: 1

Memory: 4k page, physical 32141708k(6144616k free), swap 2097148k(1987068k free)
Page Sizes: 4k

vm_info: OpenJDK 64-Bit Server VM (17.0.7+7-Ubuntu-0ubuntu120.04) for linux-amd64 JRE (17.0.7+7-Ubuntu-0ubuntu120.04), built on May  6 2023 14:42:06 by "buildd" with gcc 9.4.0

END.
